<?xml version="1.0" encoding="UTF-8"?>
<robot generator="Robot 7.0 (Python 3.12.4 on win32)" generated="2024-08-04T13:03:36.024864" rpa="false" schemaversion="5">
<suite id="s1" name="Gmail sanity" source="C:\Users\PRiNCE\Desktop\VS code\Projects\Appium-App-Automation-Robot_Framework\Suit\Gmail_sanity.robot">
<test id="s1-t1" name="TC_01_Inbox_Test to check whether user is able to read recent email from inbox" line="8">
<kw name="Test to check whether user is able to read recent email from inbox" owner="Gmail_sanity_keywords">
<kw name="Open Application" owner="AppiumLibrary">
<arg>${remoteURL}</arg>
<arg>platformName=${platformName}</arg>
<arg>deviceName=${deviceName}</arg>
<arg>udid=${udid}</arg>
<arg>appPackage=${appPackage}</arg>
<arg>appActivity=${appActivity}</arg>
<arg>automationName=${automationName}</arg>
<arg>noReset=true</arg>
<arg>doesNoReset=true</arg>
<arg>setClearSystemFiles=false</arg>
<doc>Opens a new application to given Appium server.
Capabilities of appium server, Android and iOS,
Please check https://appium.io/docs/en/2.1/cli/args/
| *Option*            | *Man.* | *Description*     |
| remote_url          | Yes    | Appium server url |
| alias               | no     | alias             |
| strict_ssl          | No     | allows you to send commands to an invalid certificate host like a self-signed one. |</doc>
<status status="PASS" start="2024-08-04T13:03:36.368086" elapsed="12.440924"/>
</kw>
<kw name="Sleep" owner="BuiltIn">
<msg time="2024-08-04T13:03:53.809482" level="INFO">Slept 5 seconds.</msg>
<arg>5</arg>
<doc>Pauses the test executed for the given time.</doc>
<status status="PASS" start="2024-08-04T13:03:48.809010" elapsed="5.000472"/>
</kw>
<kw name="Click Element" owner="AppiumLibrary">
<msg time="2024-08-04T13:03:53.811347" level="INFO">Clicking element '//(//android.widget.TextView[@resource-id="com.google.android.gm:id/senders"])[2]'.</msg>
<msg time="2024-08-04T13:03:55.963696" level="INFO">xpath criteria: //(//android.widget.TextView[@resource-id="com.google.android.gm:id/senders"])[2]</msg>
<arg>${emailTile1}</arg>
<doc>Click element identified by `locator`.</doc>
<status status="PASS" start="2024-08-04T13:03:53.809482" elapsed="2.154214"/>
</kw>
<kw name="Sleep" owner="BuiltIn">
<msg time="2024-08-04T13:04:00.965054" level="INFO">Slept 5 seconds.</msg>
<arg>5</arg>
<doc>Pauses the test executed for the given time.</doc>
<status status="PASS" start="2024-08-04T13:03:55.963696" elapsed="5.001358"/>
</kw>
<kw name="Element Should Be Visible" owner="AppiumLibrary">
<msg time="2024-08-04T13:04:01.646954" level="INFO">criteria is com.google.android.gm:id/subject_and_folder_view</msg>
<arg>${subjectView}</arg>
<doc>Verifies that element identified with locator is visible.</doc>
<status status="PASS" start="2024-08-04T13:04:00.965054" elapsed="0.681900"/>
</kw>
<kw name="Sleep" owner="BuiltIn">
<msg time="2024-08-04T13:04:06.648149" level="INFO">Slept 5 seconds.</msg>
<arg>5</arg>
<doc>Pauses the test executed for the given time.</doc>
<status status="PASS" start="2024-08-04T13:04:01.647951" elapsed="5.000198"/>
</kw>
<kw name="Element Should Be Visible" owner="AppiumLibrary">
<msg time="2024-08-04T13:04:07.013666" level="INFO">criteria is com.google.android.gm:id/conversation_header_star</msg>
<arg>${addStar}</arg>
<doc>Verifies that element identified with locator is visible.</doc>
<status status="PASS" start="2024-08-04T13:04:06.648149" elapsed="0.365517"/>
</kw>
<kw name="Sleep" owner="BuiltIn">
<msg time="2024-08-04T13:04:12.013777" level="INFO">Slept 5 seconds.</msg>
<arg>5</arg>
<doc>Pauses the test executed for the given time.</doc>
<status status="PASS" start="2024-08-04T13:04:07.013666" elapsed="5.000111"/>
</kw>
<kw name="Close Application" owner="AppiumLibrary">
<doc>Closes the current application and also close webdriver session.</doc>
<status status="PASS" start="2024-08-04T13:04:12.013777" elapsed="0.633109"/>
</kw>
<status status="PASS" start="2024-08-04T13:03:36.367087" elapsed="36.279799"/>
</kw>
<tag>Inbox</tag>
<tag>sanity</tag>
<status status="PASS" start="2024-08-04T13:03:36.366090" elapsed="36.281793"/>
</test>
<test id="s1-t2" name="TC_02_Inbox_Test to check whether user is able to mark email as read/unread" line="13">
<kw name="Test to check whether user is able to mark email as read/unread" owner="Gmail_sanity_keywords">
<kw name="Open Application" owner="AppiumLibrary">
<arg>${remoteURL}</arg>
<arg>platformName=${platformName}</arg>
<arg>deviceName=${deviceName}</arg>
<arg>udid=${udid}</arg>
<arg>appPackage=${appPackage}</arg>
<arg>appActivity=${appActivity}</arg>
<arg>automationName=${automationName}</arg>
<arg>noReset=true</arg>
<arg>doesNoReset=true</arg>
<arg>setClearSystemFiles=false</arg>
<doc>Opens a new application to given Appium server.
Capabilities of appium server, Android and iOS,
Please check https://appium.io/docs/en/2.1/cli/args/
| *Option*            | *Man.* | *Description*     |
| remote_url          | Yes    | Appium server url |
| alias               | no     | alias             |
| strict_ssl          | No     | allows you to send commands to an invalid certificate host like a self-signed one. |</doc>
<status status="PASS" start="2024-08-04T13:04:12.649878" elapsed="11.435123"/>
</kw>
<kw name="Sleep" owner="BuiltIn">
<msg time="2024-08-04T13:04:29.086454" level="INFO">Slept 5 seconds.</msg>
<arg>5</arg>
<doc>Pauses the test executed for the given time.</doc>
<status status="PASS" start="2024-08-04T13:04:24.085001" elapsed="5.001453"/>
</kw>
<kw name="Long Press Element" owner="Gmail_sanity_variables">
<kw name="Get Webelement" owner="AppiumLibrary">
<msg time="2024-08-04T13:04:30.896885" level="INFO">xpath criteria: //(//android.widget.TextView[@resource-id="com.google.android.gm:id/senders"])[2]</msg>
<msg time="2024-08-04T13:04:30.897883" level="INFO">${element} = &lt;appium.webdriver.webelement.WebElement (session="b99ad9fe-7378-4262-9d58-f80b05372a6e", element="00000000-0000-0463-ffff-ffff000000a3")&gt;</msg>
<var>${element}</var>
<arg>${xpath}</arg>
<doc>Returns the first [http://selenium-python.readthedocs.io/api.html#module-selenium.webdriver.remote.webelement|WebElement] object matching ``locator``.</doc>
<status status="PASS" start="2024-08-04T13:04:29.086454" elapsed="1.811429"/>
</kw>
<kw name="Long Press" owner="AppiumLibrary">
<msg time="2024-08-04T13:04:30.897883" level="WARN">Keyword 'AppiumLibrary.Long Press' is deprecated. Since selenium v4, use other keywords.</msg>
<arg>${element}</arg>
<doc>*DEPRECATED!!* Since selenium v4, use other keywords.</doc>
<status status="PASS" start="2024-08-04T13:04:30.897883" elapsed="2.655539"/>
</kw>
<arg>${Locator1}</arg>
<status status="PASS" start="2024-08-04T13:04:29.086454" elapsed="4.466968"/>
</kw>
<kw name="Sleep" owner="BuiltIn">
<msg time="2024-08-04T13:04:38.555281" level="INFO">Slept 5 seconds.</msg>
<arg>5</arg>
<doc>Pauses the test executed for the given time.</doc>
<status status="PASS" start="2024-08-04T13:04:33.553422" elapsed="5.001859"/>
</kw>
<kw name="Click Element" owner="AppiumLibrary">
<msg time="2024-08-04T13:04:38.557276" level="INFO">Clicking element 'com.google.android.gm:id/unread'.</msg>
<msg time="2024-08-04T13:04:38.903150" level="INFO">criteria is com.google.android.gm:id/unread</msg>
<arg>${markRead}</arg>
<doc>Click element identified by `locator`.</doc>
<status status="PASS" start="2024-08-04T13:04:38.555281" elapsed="0.347869"/>
</kw>
<kw name="Sleep" owner="BuiltIn">
<msg time="2024-08-04T13:04:41.903755" level="INFO">Slept 3 seconds.</msg>
<arg>3</arg>
<doc>Pauses the test executed for the given time.</doc>
<status status="PASS" start="2024-08-04T13:04:38.903150" elapsed="3.000605"/>
</kw>
<kw name="Click Element" owner="AppiumLibrary">
<msg time="2024-08-04T13:04:41.905657" level="INFO">Clicking element 'com.google.android.gm:id/action_mode_close_button'.</msg>
<msg time="2024-08-04T13:04:43.638852" level="INFO">criteria is com.google.android.gm:id/action_mode_close_button</msg>
<arg>${backButton}</arg>
<doc>Click element identified by `locator`.</doc>
<status status="PASS" start="2024-08-04T13:04:41.903755" elapsed="1.735294"/>
</kw>
<kw name="Close Application" owner="AppiumLibrary">
<doc>Closes the current application and also close webdriver session.</doc>
<status status="PASS" start="2024-08-04T13:04:43.639049" elapsed="0.669669"/>
</kw>
<status status="PASS" start="2024-08-04T13:04:12.648887" elapsed="31.659831"/>
</kw>
<tag>Inbox</tag>
<tag>sanity</tag>
<status status="PASS" start="2024-08-04T13:04:12.648887" elapsed="31.661826"/>
</test>
<test id="s1-t3" name="TC_03_Inbox_Test to check whether user is able to search email/sender and open" line="17">
<kw name="Test to check whether user is able to search email/sender and open" owner="Gmail_sanity_keywords">
<kw name="Sleep" owner="BuiltIn">
<msg time="2024-08-04T13:04:49.312954" level="INFO">Slept 5 seconds.</msg>
<arg>5</arg>
<doc>Pauses the test executed for the given time.</doc>
<status status="PASS" start="2024-08-04T13:04:44.312715" elapsed="5.000239"/>
</kw>
<kw name="Open Application" owner="AppiumLibrary">
<arg>${remoteURL}</arg>
<arg>platformName=${platformName}</arg>
<arg>deviceName=${deviceName}</arg>
<arg>udid=${udid}</arg>
<arg>appPackage=${appPackage}</arg>
<arg>appActivity=${appActivity}</arg>
<arg>automationName=${automationName}</arg>
<arg>noReset=true</arg>
<arg>doesNoReset=true</arg>
<arg>setClearSystemFiles=false</arg>
<doc>Opens a new application to given Appium server.
Capabilities of appium server, Android and iOS,
Please check https://appium.io/docs/en/2.1/cli/args/
| *Option*            | *Man.* | *Description*     |
| remote_url          | Yes    | Appium server url |
| alias               | no     | alias             |
| strict_ssl          | No     | allows you to send commands to an invalid certificate host like a self-signed one. |</doc>
<status status="PASS" start="2024-08-04T13:04:49.312954" elapsed="11.080892"/>
</kw>
<kw name="Sleep" owner="BuiltIn">
<msg time="2024-08-04T13:05:05.394172" level="INFO">Slept 5 seconds.</msg>
<arg>5</arg>
<doc>Pauses the test executed for the given time.</doc>
<status status="PASS" start="2024-08-04T13:05:00.393846" elapsed="5.000326"/>
</kw>
<kw name="Click Element" owner="AppiumLibrary">
<msg time="2024-08-04T13:05:05.396206" level="INFO">Clicking element 'com.google.android.gm:id/open_search_bar_text_view'.</msg>
<msg time="2024-08-04T13:05:05.987482" level="INFO">criteria is com.google.android.gm:id/open_search_bar_text_view</msg>
<arg>${searchBar}</arg>
<doc>Click element identified by `locator`.</doc>
<status status="PASS" start="2024-08-04T13:05:05.394172" elapsed="0.594308"/>
</kw>
<kw name="Sleep" owner="BuiltIn">
<msg time="2024-08-04T13:05:10.988949" level="INFO">Slept 5 seconds.</msg>
<arg>5</arg>
<doc>Pauses the test executed for the given time.</doc>
<status status="PASS" start="2024-08-04T13:05:05.988480" elapsed="5.000469"/>
</kw>
<kw name="Input Text" owner="AppiumLibrary">
<msg time="2024-08-04T13:05:10.992370" level="INFO">Typing text 'Google' into text field '//android.widget.TextView[@resource-id="com.google.android.gm:id/open_search_bar_text_view"]'</msg>
<kw name="Capture Page Screenshot" owner="AppiumLibrary">
<msg time="2024-08-04T13:05:12.350035" level="INFO" html="true">&lt;/td&gt;&lt;/tr&gt;&lt;tr&gt;&lt;td colspan="3"&gt;&lt;img src="data:image/png;base64, iVBORw0KGgoAAAANSUhEUgAABDgAAAkkCAYAAAD508+vAAAAAXNSR0IArs4c6QAAAARzQklUCAgI
CHwIZIgAACAASURBVHic7N13WJPn/gbwm7BXQMEBRMW6SNwLqta6oMs6gG5R6K+tG2zPqaNiq23d
PT2t205BrR2ngLXLCtS6hVotDkCtihpw4SCRvX5/RF7ykgAJhBG9P9fV6/J9844nIaE8d57n+1i0
dGtdDiIiIiIiIiIiMyZp6gYQEREREREREdUXAw4iIiIiIiIiMnsMOIiIiIiIiIjI7DHgICIiIiIi
IiKzx4CDiIiIiIiIiMweAw4iIiIiIiIiMnsMOIiIiIiIiIjI7DHgICIiIiIiIiKzx4CDiIiIiIiI
iMweAw4iIiIiIiIiMnsMOIiIiIiIiIjI7DHgICIiIiIiIiKzx4CDiIiIiIiIiMweAw4iIiIiIiIi
MnsMOIiIiIiIiIjI7DHgICIiIiIiIiKzx4CDiIiIiIiIiMweAw4iIiIiIiIiMnsMOIiIiIiIiIjI
7DHgICIiIiIiIiKzx4CDiIiIiIiIiMweAw4iIiIiIiIiMnsMOIiIiIiIiIjI7DHgICIiIiIiIiKz
x4CDiIiIiIiIiMyeVVM3gAgArK2t4erqColEnLndvHkTJSUl9b6+vb09XFxcUF5eLuwrKSnG7dt3
UFZWVu/rExERUdOSybzgO3AgZDIZ5Ao5pM7OAABnqTPUKrVwXFpaOpRKJZL//BOpqWlN1VwiesBZ
WFjAzs4OLi4usLGx1nm8qKgYOTk5KCgoEPVhqGYWLd1a89WqJ2tra9jY2KCkuBiFRUUNeq8hQwaj
d69eaNmyJQDg1q1bOHHyJA4fTkJxcbFR13J0dKxzO0pLS1FQUFDn87VZW1tj5IjhCA0LhZWlpbC/
vLwcc+e+hYyLF+t9j8cCAjB58quiMOP2nTv45JNP8fffKQw5iIiIzJBCIUdY6CT4+vlC5iWr0zXi
ExIQvysesXHbTdw6MncKhRxyHx/ExMY1dVNq5ODgAADIy8trsHu0bdsWgx72Q8eHOsLZ2Rm5ubm4
cf0GUtPS8OefRwy+TkP2P6ytreHvPwo9e/aAi9QFOaocnDhxEgkJiUb3kypot9fUfT2pVIruCgUc
nRwhsdCdWFFWXoa7d+8iNTUNKpXKZPe933EERz20adMG06ZNQVDgeDg4OOLAgQMIDfu/BrnXzBnT
8fzzz8HDw0Pv41evXsX338dg3foNBn2A27RpgwP799a5PcpMJYYPH1Xn87W5urpiUugk+A4ciPLy
ciGhLCsrhb2DvUnu0ap1K/Tq1UvYtrCwQHl5OYqLijB7zjzk5+eb5D5EREQPApnMC0plZrWPS6XS
Bv2DPChwPCJmhdc51NAW4O+PAH9/LFgQiaioaMTGxdX43Kh+3N3d0anTQ7CyskJqairu3Mkx+tvp
l8NC4XxvhM7qNWt1Hg8I8IfcxwcA6vzzVCjk2LplM6RSKdLS05vtaB9XV1d0VygAAKdSU3Hnzh2T
Xn/YsEfxyv+9DF/fgbCy0h1lAAAZGRn46edfsG7d+hr7IQ3Z/3j2mWBERITr7StduXIFq1evwf++
jzHqfgsXvo2JISHC9uLFSxAVvdm4RtfAxtoaLd1a6oxg12Zrawsba/2vO+nHgKMO3NxaYsrkyXjm
mWBIpdIGvVerVq2wYf1a9OnTp8bj2rZti5kzZ2Do0EcwfUY4rl27VuPxnp76g5KmIJFIYG1lhfLy
csTExODIkb+Ex65cuWqSexw6dBgLFryNsrIyWFhY4OmnR2PQoEGwtLKChYWFSe5BRERkDhQKOTw9
PZGQkGj0uVKpFCtWLEOAvz+WLFmKTVHROscEBwUiMnI+AGD4iFEmDToMCTbS0tOgUqmRnJSs85hc
IYezszP8fH11HpNKpYiICEdERDhWr16DqOjNzepbU5nMCz4+PlDI5aL9qWlpSE9PN5tQxtu7A2Re
XrC0tIQqR4Xc3FwUFRn37bpM5oXQ0FAAQEJiok74sGDBfHh5ekGtVusNQAwh9/ER/s7fumWzyd/L
ptK+fXt4ybwAAHn5eTh27G+TXNfWxgbvv/8uxo8fX2MHHAC8vb0xc8Z0jBwxHG/OnoMzZ87qPa6h
+h/Tp03F66/PqradHh4eWLJkMVq1aoX1GzYadM3BgwbhheefE7YPHTpk0nCjQm2vbW2Pky4GHEZw
dnbGlCmv4fnnnkWLFi0b/H6Ojo744otPoZArRPuvX7+OK1euANB8YFu3bi081rt3b3z22Ua8+GII
cnNzq712mzZtGqbR9VBeXo4jR/5CTGycyeeZnT9/HufPnwegGb3h49MNgwYNMuk9iIiImjuFQo4d
P2imYsTGxmLO3LcMPtfPzxcb1q8TOn1+D/vpBBwBAf5YsWK5sC2X+yBJT9BgLJnMCyuWL4Ofn5/O
Y2q1GgkJCdgVn4CkpGSDO6F+fr54LMAf/gH+8PL0Ej0WERGOoOBALFmyDPHxCfVuP6AJUBZEvgX/
e+GQIdMeZDIvhIWGwj9gVK2jVVLTUpGc9CdWr1nbLDviFRwdHWFppemC2NjawALGf9EUExsnBBx+
vr6igEMm8xJ+nrGxsUZdNzgoEP4B/pg2bQZiYuMglUoRGTkfUqkUL4eFYtXqNUa3taG5urpo/dvV
JNe0trbGF198hocffli0v6ioEBkZF6FWq2FnZwcvL0+4urYQHlcoFFi7ZjVeeikE2Tdv6ly3Ifof
jz46FOHhM4QgQJmpxP+++x6XLl9Gh/bt8exzz8DL0wsSiQTh4TNw8tQp7N27r8Zr2trY4J13FsDa
2gYAoFKpsOjd903SXolEghYtND8nZwO/KHeWSlEOTd+I9QNrx4DDAHZ2dnj1lf9DSMhLcHdv1Wj3
XbToHVG4ce7cOXzwnw91vnEJCPDHnNlvomPHjgAAhVyBRYvewezZc6u9tpubm2g7MDDYqLYVFTdc
rREW0SEiImp4QUFBAGBQyDErIhzh4TNF+yqmCFRQKORYsXyZsB0XF2eScCMgwB8rli/TGTWbmZWJ
1avW1Lk+QlJSMpKSkvH+4qXw8/PFyy+HwX9U5fB3mZcMG9avQ1RUNBYvWVqv5yCVSrF1a7Twd92K
FcuhzMys9vWRSqUIC52EsLBQg0cLK+QKKOQKBAUFIioqutmNQKlgipGzqalpyMzKhJenFwKDxouC
tgB/f+HfVd8bfn6+8PP1FYrMao960Q7nZkWEY9XqNdgUFY2wl0Ph5emF8PCZ2BQV3exeU0ut+nWm
snTJ+6Jw486d24iK2oyvtm3D7dviKTBjxjyN12eFo0MHbwDAQw89hHffXYgZMyN0rtsQ/Y8pUyYL
QcSlSxfx0oRJuHq1cgR4bNx2bNu2BTIvGaytbTBl8mu1Bhxz5ryJzp07C9vr1m/AuXPnjGprVRYW
FpDLfdCpUyejz+3Ro7to+59//kF6+mn2marBgKMG1tbWCAsLxaSJITrzudRqNb7/PgYBj/kbNf9z
6tTJePHFFyCxkODrr7+pdpjUwIEDMHbM08J2+ul0TJwYqvNLBQDi4xNw9OhRbI6OQrdu3QAAY8c8
jW+//U403UNbyxaVaevt25pCpU3FwsLiXk2MskadLtLY9yMiImpqqalpiIuLQ2BgIIDaQw6pVIoN
69fqHTmhTSbzEuoVAJppA7PnzKt3eyPCZyIiIly0T61WY/HiJSYt/FgRdigUckRGzhdNYQkLC4Wv
30CEhITWqXNbNdyosGLFMr31BBQKOdavX1vj35eZWZqOedWRJxX3i4gIh3/AKMybN7/Z1o6or4T4
BISGhkIhV4hqvvgHaAKOzKxM4bkrFHIsX75U52egHV4lJSULoUlo6CQhzFi9ao0QfAT4j2r2BUfr
y99/FMaNGydsX7yYgSlTZ+Cff/7Re/yPP/6Ew4eTsO2rLcKXrf7+o9DR2xsXMjJEx5q6/+Hp6YmB
AwYI2xs3fioKNwAgKysLGzd+isXvvwcAGDhwINq2batzXIWHH/bDiy++IGwnJSXhiy++rFc7AaBr
1y51Cjf06dy5M8rKynD69BmTXO9+w0k9NWjTpjVenyUuVlNUVIiYmBiMGTsOS5YuQ0mx4UuYdurU
CW+8Pgtenl7w8PDArFnh1b7Rw0InwdLSSrjnW/Mi9YYbFW7evIW33opEUVEhAMDS0gqhkyZWe3xL
t8opNk2dRN++fRvLV6zE9BnhOHDwUIPfr7y8HN9+9z9MnxGO9es2oLCwsMHvSURE1FzMnjMPcXGV
nbSgoCCsXLFM57iAAH/8sTux1nAD0BR9rAg30tLTMMcE4cbKFct0wo24uDgMGz7S4E6mTOYFPz9f
KBTy2g+GJgCaMGEilixZCrW6cmlZhVyBrVuj61R77e0F83U61oBmhMisKs8vIMAfW7ds1gk3kpKT
sWTJUgwfMRKdu3TDsGEjMWyY5t/DR4zEkiVLkZYuDjIUcgW2btkMPz/deiP3A+33QIC/JiiSSqVC
OJWgNbVoxYplUMgVUKvViI6ORkKiZjR0WFgoXg7TTHWpCDMqrlNxzXitkdMBjwU04DNqHmZMnyZM
91CpVIiY9Ua14UaFGzduYO269cK2paUVHntc97Uydf9jyOBBQlvz8/Pwww879B4XFxuHggLNggIS
iQRDBuufpm5rY4N33l4AGxtbAJow9d33TDM1pWvXria5TkNd737CgKMGSmUm4uM1v9RKS0uwa9cu
BAY9g7nz5tepkJOnp4cQWgCaD7++YjuOjo4YOvQRYTshIdGghPP4iRP4/ffdwvawYY9WuxSTi0vl
fL2cnKYNOAoLC/HXX0eRmPg7srKyGuWeZ86cRWLi7zh+4gRKS0sb5Z5ERETNxew58zB3bmUIERQU
hA0b1ok68JmZmQaPdNQ+LzYmrt6dF4VCLowuqTB37jzMnjOv2mtr6lVMwoYN6/DP2dP45+xp/LH7
d3y1dQt2/LBd2LdjRxwWRM6vMfTYFBWNCSETRaGBQq4QOsOGCg4KFEbL6BMePlPUjqqveWZWJiaE
TMSECROxKSpa79+fSmUmNkVFY8yY8Zg2fYYwugPQjJLVDmoai6WlJaytrRu0QGLFNBWgMnioCCWA
ygDEz88Xch/Nazxn7jy8v3gppk6dLoQcgUHjhXO0w4yHH9YEeyqVCknJmqlEVadlNZYOHdrjkUeG
iP5+bwgdO3ZEp04PCdtRUdE4dSrVoHN3/rpT+KIVADq076BzjKn7H9o1Pa5evVbtEq6FRUWihQva
tm2r97h//esNUXCw8ZNPqi2YSs0XA45afPnlJhw4cAAhE0MxfUZ4vYYCHT16DJeVl4VtZaYSR48e
0znusQB/ODhUBhM///yLwff4SetYBwdHBAT46z3OResPEVMvJ0VERETNX0xsnCjkCPD3F41SSE1N
w4SQiQZ1kHdpfVseGTkfwUHVd+oNoVRmCvdVq9UYO258taM2/Px88dXWzfhj9+9YsCBSVINBH4Vc
gbCwUOz4YTuO/vUnIqrUFqmgGc0xSRRypKYZN93DkG/8I+dXTg/Sfs3j4uIwZsx4oU5HcFCgKLyp
+G/DhnUICtR00uPjEzBmzHgkJCZCrVZjQsjERp+i4uLiggED+mPUqJHo3LkTbG1sGuxesTGa94Tv
wIEAKkMJ7ekpD2uNQNIuGBu/Kx4ARKNrVCqVEJp4eulO//Hy8jRl8w3SunVr/PtfbyAifCamTHmt
Qe914cIFPD1mHL777n+4eDEDn372ucHnFhYVIb+gQNi2tbPVOcbU/Q8HRwfh3/n3RmhUR/txRyfd
L4AHDhyAiRMnCNtH/jqCTz75rN5tNISFhQXs7ezg1rIlWrm7o5W7O6RSaYPUV3kQsAZHLY6fOIHQ
sP8zybVyc3MxYcIkPPtMMCwsLPB9TIzelU4GaM0lKyoqxB9/7DH4Hrt/342iokJhaNWA/v2xffsP
OsdpJ6h3cnKMeRpERER0n6gIDSpqDFRMxaioN5GamoYxY8dhw4Z1wrfg+sTHJ4hqe6xYsRwqtbrO
K5CoVCqMGTsOwUFBiImN1Ttywc/PFxHhMw2aQlOdinoVQcGBWL1qDWLjtuu2Y8x4BAcF1lgUtDpp
qWmiwqX6+Pn5wc/PV7h2xWte8Zxrq8kR4O+PAH9/hL0cKtTcmDp1OmQyryZZOrZly5Zwd3eHo6Mj
2rVrh1s3b6FQz4oaphATG4vw8JmaKSUB/vC/F25FbdJdvrgqZWbla6P9Wkmdq5+G1BSjYby8PPHU
U08BALp06YKVK//ToPe7dOky5kcugLW1NYqLDV++t0ULVzg5OQnb+kZambr/kXu3sh9lb2df47EO
9pVhyF31XdFj1tbWeOedyqkpubm5eNdEq6YYwt7eHv379UX//v2EFYaUl5XYs3dftbVCqHoMOBpZ
VlZWrUtMPaQ1NEypzKx2uJU+hUVFyMzMEor8dOqsv8aHeIiY7i8Ydzc3ODg64FoNw72IiIjIvEil
UgQFjodCIYeX1jfUKpVKGLlRNeRQKjMxYcIkfPXV5hpDjoqiokLIsXyZUcu2VqVUZlb7N1NY6CQs
WBCp97Gk5GQkJyXjcFISAE2ntGJqgUIuh0Ihh7+/v2i6gcxLhpUrVyDgsQDMnfuWTpvrWljSkBEf
arUamZniIKKis111ad6aVNTcCJk4CampaU0SbgCaGgcVU1Osra2FDltDUCozkZaeBrmPHOHhM4Sf
aXxCZbCm/TPQLkaqPbKj4rWSybyEayRrhVlSqWafStX4AYeN1giYxpwiY0y4AQDPPvssLCWVIw70
rTpi6v6H9tR2D4+2sLWx0XuenZ0dPDwqp6VkXbkievyNN2aJfrd98smnSEtLr/X+piCRSNC+fTs8
8sgjaN26tbC/rLQU9nZ2jdKG+w0DjmaobdvK+WQZFy8afX7GxYtCwNGmTWu9x1T8ogaAWzdvoUUL
V7z4wgvw9x+FTp06CbU7SkqKoVRqvrGI3ryZ89CIiIjMVHWreehTNeRQqVQGhxyeXl7w8/WFVCqF
XO5jkqVitZ/Dgsi3dOpzqNVqREVF17qMp3ZbAgL8ERYWKloxJcDfH15bPU22+khNz92QNqelpSP5
zz+FUSBqtRqxsbGi1UGCgoKEjm9iYmKzWjWlMVari42JQ2SkXHhfp6WLw520tDQh5FoQ+RbmzH0L
CoVcqL2hXXBXu8ZKRUAmk3kJ7/l0I6coPShkMi+88n9hwnZhYQF2/vqbznGm7n/sP3AQpaUlsLS0
gp2dPcYHjse3336nc1xwcBBsbTVhQWlpCQ4cOCg81rdvH9HCDMeOHat2lcuG4OjoiK5du4rCjaKi
Qpw+cxbZDTTy6X7HgKMZauFauYSSvnSzNtrntGzRUu8x2glw+/btsPPXn+Hm5q5znJWVNby9veHt
7Y3AwHFYvWYtNm781Og2ERERUdOaFTHToHCjQl1CDj8/X1FgUHVkQn29vWC+TtHONWvW1hps6BMf
n4D4+AQEBwViwYJIrVEempEQw0eMqnexVJVKJYwwqGrY8JG1Xl+lUmHq1On4YKVmCtH7i5eKzomJ
jcOq1Wvx9oL5AGCSpXnNTXxCAiIj5wvbFXU5KiiVmYiKikZ4+EwEBQWJwjG1Wi2MEgoI8EdoqCbg
SEtP06p9Unn8/b5EbF20bdsWn36yUdSPiI3drrdzbur+x40bN3D4cBKGDBkCAJg6dTL27dsvGtkh
k3lh8uRXhe1Dhw7jxo0bADQjjN5dtFAIP/LycrHo3feMfQnqTCKRwNPTAz26dxftVyozkZaa1iRT
ou4HDDiaIQeHyjlieXl5Rp+vfY69g+58tFatWglzzADUWN1bm42NLd7897/R0dsbc+fNr/0EIiIi
ajZ85IYtlaqtppBD51iFHBvWrxO2o6P1r/pRH9qFH9VqNaZOm17vESIxsXGIT0gUBTdSqRQymRdS
U+u/0kNCfKLegEMqdTY4QNEOLmQyL2FER2zcdqhUqgcy2KigVGYiLi5OeG9oT0+psGr1GiiVSoS9
HCr8LBISE7F69RrhPZqZmSmM9Fi8eCkAzWsdGjpJ87hW4VLS8PPzxYoVy0T1Yc6dO4ePV63SObah
+h/rN2zEgAH9YWtrh3aydvj2m22IjYvDpYuX0L5DewQHBQmrphQWFmDDxk+EcyMiZkKhqAx9P/vs
C9GqMdbW1vD3H4WePXvAReqCHFUOTpw4iYSERKOn8OhTMXqjVatWwr7S0lLcun0LNrY2aN+uHQBN
TZDbd+6grKys3vd8EDDgaGYcHR1FS2rl5dYh4NA6x1JiCUdHR1ExU5lMtyp0eXk5Tpw4gX379+Of
f87h6tWrcHBwgEIhR4C/P3r16iUcGxwcjBMnT2Lr1m1Gt42IiIjMS3Uhx6yIytVHZDIvbN2yWagV
kZScjPfvdRJNafXqNVi5cjmUykzMnTuvxgBFoZDD2dkZfr6+UCqVyMzKQlpaut5QoaKY6NsL5sM/
wB8J8Qkm68xuujd6oKrgoKBa67LpMysiXOgctmsna5DX2dwYEvDExMbVOAKjYgUbuU/ltCrtpZMX
83UWeeONWXj1lf8TRj8AmhBo6rQZuHnzls7xDdX/SEpKxn/+81/MmzcHlpZW8PDwwIzp03XuVVpa
gg8++FD42fbu3Rv/93LltJqUlBSsWVsZ0D77TDAiIsLh4eGhc60rV65g9eo1+N/3MTW9RDWSSCRo
06Y1+vTuJX7AAmjfrr2o2K1KrUJ8fCJu3LiB8vLyOt/zQcGAo5kpLS0Vbddl7mLVc6pe09LSEnl5
ucJStJcuX8LyZSuxKz5e51p79uzFhg2fYMqU1/CvN16HpaXmLfPvf/0L8fGJuHbtmtHtIyIiIvOi
L+TQ7lgHBwUJHcG09DRMmzajQdqRlJSMYcNGVvu4TOaFiPCZ8Pf3r7YwZ3xCAqKiovWO/Hh/8VKT
BwYqlUq0wkyF0NBJdZpa46z1vAwpPtoQXF1d0b59e6hycupUL665Sk1NE4Kt4KBAYbRHUnJynVcE
MoRCIUfv3r2RnZ3doPcxhf79+2FB5Hz07NlTtD81NRXhEbNw8eIlvec1ZP9jU1Q0rl2/jn+98Tq8
vb11rpeRkYH/fvQxfvnlV2HfooVvC+FMQUE+Fi2qnJoyfdpUvP76LNGXzto8PDywZMlitGrVqs71
Ouzt7aFQKNCypZtov6XEEq1btxbV5MjOvgFra3bbDcVXqpkpKChAaVmpUIVYe31nQ2lPcSktLUGB
1prUAHDkyF944smn8dprr6B/v341/jKq8Mknn8HVxRWvvaaZw+bs7IyQkJfw4YcfGd0+IiIiMj9V
Qw5t2t/OxsbE1bt2RV1EhM9ERER4rcdVLKualJSEadNnNkpbV61eoxNwSKVSzIqYaXSgslpr1Mem
qNqXQwU0HWhTjUhp374dpk+bimeeeQZp6WlYvXpts++U10VMbBwCHguAl5dngwV2FcJnzkCfPn1w
I/sGUlNTkZmZVftJjczR0RH//vcbeOH550RTTcrKyhAbG4tF776v0+fQ1tD9j19++RW//PIrHn10
KHr36gUXFxfk5OQg5fhx7N27T3Ts67MiRAHN519swomTJwEAjz46FOHhM4RwQ5mpxP+++x6XLl9G
h/bt8exzz8DL0wsSiQTh4TNw8tQpnesbwtbGBq21pqZUR6VSYe/efbh18xZHbxiIAUczlJebJxTh
0Q4rDKVddyMvL1/vMVlZWUav76z5n/M4uLtrPoyDHn7Y6LYRERGR+aou5NgVnyB04CMj50OlUjVq
QcaVK5bprKxSQXuZWG1+fn7YsSMOISGTDK4VolDIsX79Wsi8ZIhPSNC7pKw+SmUm1qxZqzNVJTQ0
FDGxcUaFD6mpaZg6VXcIflUymReCAgMRFBwImZcMnbt0M/geNWkna4f+/fsD0BSz1/6m+X4z597U
l4YOwQICAgBo6lTIZLJmF3AMHfoIFi18Gx06iEdHZGVlYfmKlaKRETVpjP7H3r37agwcevbogVde
eVnYPnnyJD7+uLJmyJQpk2FtrVma99Kli3hpwiRcvXpVeDw2bju2bdsCmZcM1tY2mDL5tToFHHfv
3sWevXtx/PgJYV/re1NWKgqv5uXl4tChQzj2dwryawiPSIwBRzN0+/Yt4X/ErlrrRRuqhaur8O9b
t0y3vFBBQYEmfX3iCQCAt3cHk12biIiIGpapKvLrCzni4xNE0zBWrFgOlVrdKN/sVyyVqi0uLg6b
oqJFwYFM5oXgoCCEhYUKf2fJvGQG18JQKOSiOiMVS8qOHWtYscRVq9cgKDgQXp7iWgRbt2zG2HHj
TVaQNTgoEKFhk4xaMae5e3vBfPj4+CA9PV1nxEtwUCCCggz7GUwImWTQ8RNCNIVFK97fwUGB8A/w
h9TZGWlp6YhPSDDp8sfN2fRpUxEePkPo9AOaEeIxMXFYsfKDOq34aAxT9z8WLnwb9vaaL5ALCwuw
SCtw8fT0xMABA4TtjRs/FYUbgCak2bjxUyx+XzOlZeDAgWjbtq3OcbUpKi7G2bP/CNsSiQS+AwcK
r3NRUSEOHjqMw0lJolqKVDsGHM3QlavX0L695sPboYPxH2Ltc65eu26ydgEQ/c/XxcW1hiOJiIio
OYmJiRVW36gvhVyBlSuXi0YSVBR6FEKO5cuQlJTc4N9+p6amITMrE16eXsjMysS0aTP0johQKjOx
avUabIqKxoYN64TlbA8nJQHQTBmprq1Vww1hv1yBlSuWYc7ctwxq65w58/DV1i2ifVKpFOvXr8X0
6TNrDTn8/Hxr7VgHBQcJ4UbF62LufORyzc9LT206mUwGPz8/g69l7PFffbVFtPSxn58fwsJCER0d
fd8XeF248G1MDAkR7Us/nY6lS5bj4KFDjdYOU/U/Zs6Yjj59+gjbm6Ki8ffffwvbQwYPEqam5Ofn
4Ycfdui9TlxsHBZEvgU7O3tIJBIMGTyo3iPW3N3c0KVLZzg5OaG0tATHjv2NP5P/RE6OilNTjMSA
oxk6f+688IvUy8sTdnZ2Nc5p02ZnZwdPz8pqv+fOnTNp24pLKpdEsrCwMKptRERE1HTi4xOw/3NL
1QAAIABJREFUZMlSRESE652yYSx915g9Zx48vbzg5+sLqVQKudynUb7pHjNmPORyn2pXSdGmWQVm
Ivz8fJGZmQmlMhMBAf7YsH4dlJlKjB0bKLpG1RViqqoYPWJIyJGUlIy5c+dhxYrlov0KuQI7ftiO
kImTqp2u8sHK5QgMDIQyU4m5c9+q9nVNiK8sovpyWKjeFVzuJxUBVQXtUTJr1qyt8dzaHp8VES78
Tb5mzVqkpqUhImIm5D7yOk0vMidvvDFLFG6UlBQjKmozPvzvRyZZItUYpuh/KBRyTJ78qrCdmpqK
VavEI7fatGkj/Pvq1WsoLCrSe63CoiJcuXIVHTt2BABhGdq6kkgkaN+hPbp06QKJRIKjR//Gnr37
kH3zJsONOmDA0cimTp2MF198ARILCb7++hu9lXeP/PUXXnzxBQCatZ9HjBiOX3/dadD1R44cISr8
c+TIX6Zp+D3u9+aEAZphXQw3iIiIzMemqGhsiooWllCt6mE/v3p1iBUKOeQ+PsJ2ZqZppl3URqVS
GR2kaB+vkGtWy5B5yXRCmZfDQoVwQ3saTmZWJqTOUjg7OyMoKAgxsXEGtSEmNg4KhaaDrE0qlWLH
D9sRFRWN1WvWikIWPz9f4b4yLxm+2rql2hoghhYevV8kJSWLXndfP18h4Kht6lFtj/sHaEY8xcXF
CcdmZmZixw/bAQBeXl73ZcAxdOgjmDL5NWE7NzcXb82PNLjWhqmZov+xaOE7wgouRUWFePe993WC
Gu3FHfIL9Ncx1Pe4o5Oj0e3RJpU6w7tDBzg5OeGff/7BwYOHcO3aNZSVldXrug8q/WvfUIPo1KkT
3nh9Frw8veDh4YFZs8LRqVMnneN++20X7t69K2w/Pfopg+8x+qknhX/fvXsXu3bpLr3Utm1bLFz4
NhLif0MrA6r3auvZq4fw7ytXjJtrRkRERM1Damqa0DHU/m/V6jWYO3dena5ZdRpHXFycyepK1JWf
ny8iwmciKHB8na9xOCkZarUaCYmJoikJSmUmJoRMRGZWJtLS05CWlm7wNd9fvBRxcfqHtIeFheKP
3YmICJ8prE6jb3WYAH9//LE7EWGhk4x8RrWTSCRwcnKCo6MjLPRMC3lQJMQnYs2atfg+JlbYpx0o
GTP9ys2tJdzcWpq0fQ3l9VkRsLKyBgCUl5dj0aJ36x1uNGX/Y9q0KejXr5+wHRW9GX/9dVTnuNy7
lbUu7O3sdR7X5mBfGYbcVd+t4cjaeXh4oHt3BS5cuIBd8fHIuHiR4UY9cARHI/L09BDWcQYAS0sr
eHp66EwjKSgowB9/7MHTT48GAIwYMRy9evbE8RMnUJPevXtjxIjhwvYff+zRSTj79++HL7/4HI6O
mqTx/fffNagSNwA8+eQT8OlW+a1MyvHjBp1HRERE5iMmNg4qtRorVyw3eCpL1WkcaelpQk2OpiKT
eYnqXbRr186gYqJVxccnoG/8AL2PpaamYdiwkXVq3+w586BUZuodMSOVShEREV7rsrdSqRQLFkQi
KDhQ7/K9dSGRSCCTeWHc2LEoLS3FDzt2NLtVPUwlQs9rH6sVzOl7vwTfm5KkVqsNDrW6d1dg7Jgx
AIBtX39d6/KoTalPnz7o1auXsL1nzx7Ebf+hXtdsyv5Ht25dMXXKFGE7/XQ6Pvpold5js7Iq3+ce
Hm1ha2Ojd5qKnZ0dPDwqp6VkXbliVJu0SaXOkPv4oKSkBElJyTh37jzDjXpiwNGIjh49hsvKy2gn
awdAs67y0aPH9B4bFb0Zjz8eAGtrG9jY2GLpssWYODEUt2/f0Xu8m1tLLF3yvjA9pbi4SO8Qxb/+
OoqMjAx0794dAOA/ahRWrliGyAXv1Difrkf37lj4zgJhu7y8HHFx2w174rVwcnLC6NFPwdPTA/G7
EnDy1CmTXLcmI0YMR58+vXHu3Hns3LkTRUWNO5eQiIioOYuPT8CEzIn4ausWg0KO4KAgUbgxYYLp
RxUYK7jKyiq+fr7VHNl0Vq1eA6VSqVOTw1gKucJk9U6cnJwQFBSEmTOmIy8vF23atsHChe/W+7rN
kb4AKSk5udqRR35+vkIgFRUVbXCg9MwzwUI9izs5d7Bhwyd1bHHD8/cfKRq1o280uLGasv+xaNFC
IVgpKirEe+8trvae+w8cRGlpCSwtrWBnZ4/xgePx7bff6RwXHBwEW1s7AJoVZQ4cOFhrO95dtFDv
/rS0NHzzzdcYPHgwRo9+CqONGLn/448/GXzsg4QBRyPKzc3FhAmT8OwzwbCwsMD3MTHVLvvz999/
IzZ2O55//jkAgE83H3zz9TZ8+OFH2BUv/kXzWEAAZs/+t1DoBgBiY7cjJSVF77XfWfguoqO+hJOT
EwBNcSxFdwW+/GITfv75F1FS6e7mhpCQCZg4KQQu0sola3ft2oX9+w/U7YWowsnJCc89+wx69uyJ
TGVmgwccFhYWeOSRIZgYEoLdf/yBhIREBhxERERVpKamYULIRKxYsQxyH3mNx1ZMpQCA2Ji4Bl85
xRAxsbGi0RHJVTr/UqkUMpn+GgqNWSA1JjYOaenpiIycL1qtwxjGjCaojZWVJdxaaqZSODg4otND
D5nkus2RviKj1dWNUSjk2LB+HQBNCGLMaKCuXbsK/x44YAA2oPkGHJ07dxZtq+/eRc8ePao5umYn
Tp4U/t0U/Y/Jk18TLfu6des2JCf/We3xN27cwOHDSRgyZAgATe3Effv2i0Z2yGReomKlhw4dxo0b
N2ptS3VFiv38/Ixa1Ydqx4CjkWVlZRn8C/H9xUvQvbsCPe79UunUqRPWr1+L7OwbwvwzD4+2cHcX
z2M7deoU3l+8pNrrpqSkIHLB21ixfCns7s0v8+nmg5UrV2DRoneQlXUFhYWFcHJyhEwmE02rAYAL
Fy5gfuTbBj/n2pSXl6O0tBQAGm9I1r2KxBwCRkREVL3UVM1ojK++2lxjyHH4cJJQBDMycj5UKlW9
l02sr4oaGQ/7+UGpVOq0Z88fv8PZ2RmxsbGiKRhSqRRbt0ZDIVcgLi6uUabaaF7niXg5LNToVW7U
ajUmhExsFqGSuTH0b3Lt+jJp6WmYNm1Gne9pa2dX53MbQ8sWLUTba1brn85hCL+HB+HmzVsAGr//
0blzZ0ybWjk15cyZM/jww//Wet76DRsxYEB/2NraoZ2sHb79Zhti4+Jw6eIltO/QHsFBQcKqKYWF
Bdiw0bCwqry83KT1bLi6SvUYcDRjBQUFePXVyVi7bjUG9K9MH93dW+mEGhWOHj2K6dNn1lpd+Oef
f4FKpcJ77y0SpswAmqS+anKr7fDhw5gfuQA5OTlGPhvDaX/4TfnhfZCLZBEREdWVZlnVSVi5cjn8
R43Se0xMbBwefthPCDkqplw0dchRdYWNCtrfpgYFBYnCgRXLlwmPO1fzrSugCRZMbVNUNGJi4/By
WKhoudOa2jAhZGKDreSh/SVUTftqOr/q33Lm1jGTSqVYvnypEG5MmDDpvg6T7BowgGnM/se7i94R
gsLi4iK89/7iapd91ZaUlIz//Oe/mDdvDiwtreDh4YEZ03XrhZSWluCDDz40eJTXxYsX4e3tbXD7
Dbke6cdVVJq57Js38cILE/Df/34EZaay2uOysrKwatVqPPf8i8i+edOga+/btx9PPz0Oa9etx8WL
GTUee+HCBSxfsRIhE0Nx6dJlo56DoSwsLDBmzNNYEPkWFkS+hcj5b4nWo66P/v37YcGC+cK1B/oO
NMl1iYiIHgQqlQpTp04XrfxRtYM/e8480ePhEXVfbrahqVQqLNYa7aodeGjXEpmjZ/TGmjVrkZSc
jNV1KFhqaNtWrV6DYcNGYu7ceUhITNQbpqSlpzVIuFFWVi6s5ldYWIDr16+LHr+bm4ub9/7WLCws
QF6V6dZlpaXCCNnCwkKUlpaIHs/Pz0dZaSlQXo7iYvFjzY32aB61Wq13WV5DaL+GF85f0Hn8zp3b
ADQdce2VPADNyh7FxUWi47Rptyc/v+alTQ1hIWnYLwQbo//xyv+9LJr2se3rb3D4cJLB52+KisYb
/3oTGRn625eRkYE3/vUmoqI3G3zNn376GQW1LD1rqIKCfPzwww6TXOt+xBEc9eQf8Hij3Gf9ho1Y
v2EjHn7YD3369EbLFi1RXl6O23du43jKCRw8dKhO183NzcXHH6/Cxx+vQs8ePdC3bx+0adsG9vb2
KCgowJUrV/DXX0cbdI3v0pISqFQqlJWXYdCgQRg0aJBmf2kJYmJjce3atXrfw8fHRyjuVKGkpBi3
bt7iNBUiIiIDzZ4zD6mpaQgKDkSM1tKZ2o8DQGBgIBITEhu7eUapGF2ir8BnTd/U12UllrqKiY0T
2qlQyOHn6wupVCpMAaqts304yfBOXYX8vDwkJSejX7++uJOTg9+qFJlUKi8jISERtra2OHnqFE6l
pooez1Hl4Nq1a3BxcYFSmamzhKZSmQlbW1tIJBJcv34dJQaOBgEAP19f/HP2tM7+NWvW1unnou9a
ANC5SzcAwMqVy6GQKwAAzs7O2PGDuMBlUnIyJkyYWOt9fvzxJ1hbabpdMbG6n5utX30NhUKOm9k3
kZklrgGSmZWJ7dt3wM3dTe/f4xczLsLuXsFLU3wJOWZM3ZdUNlRD9z+++HITvvhyU73a+Msvv+KX
X37Fo48ORe9eveDi4oKcnBykHD+OvXv3GX29LzdFwbWFKx4ZMgS2trawtja+G15cXILCwkLsP3AA
6zdsNPr8B4VFS7fW5jVOjO47EokEPXv2xMthobC1s618oLwcS5Yuq7aStTGGDn0EISETRGHGrZu3
sGHjRmRmZpndcEkiIiIyjeCgQFHI8SBMQ6iNlZUVWrRoAQsLC50RHADg6OgIN7eWUKvVelf4s7Wx
gcTSEkVFRXqnszg5OaG0tBQFBQUG/Q321VdbaizAqh1waB9bEVRomxURrndpXm0V59V2X0MDDgDw
8PAAAFzRs6SoZtlRD9y5c1vv69mihStcXVvgypUreqehOzg4AADy8vIMags1DUtLS3h7e8Pbu4NO
rRND3Lp9GxkZF5GRkWHwNLEHEQMOahYkEglsbW116mQUFBSYZISFlZUVbGxsRPvKyspQWFjIcIOI
iOgBFxDgj7CwUKjVaixevMQkX66Q6SgU8hoLr2ZmZgo/M+1j9dVHkMm84OVVc22TivNqu69arW7Q
Uc5EZDwGHERERERERERk9lhklIiIiIiIiIjMHgMOIiIiIiIiIjJ7DDiIiIiIiIiIyOwx4CAiIiIi
IiIis8eAg4iIiIiIiIjMHgMOIiIiIiIiIjJ7DDiIiIiIiIiIyOwx4CAiIiIiIiIis8eAg4iIiIiI
iIjMHgMOIiIiIiIiIjJ7DDiIiIiIiIiIyOwx4CAiIiIiIiIis8eAg4iIiIiIiIjMHgMOIiIiIiIi
IjJ7DDiIiIiIiIiIyOwx4CAiIiIiIiIis8eAg4iIiIiIiIjMnlWbNm2aug1ERERERERERPXCERxE
REREREREZPYYcBARERERERGR2WPAQURERERERERmjwEHEREREREREZk9BhxEREREREREZPYYcBAR
ERERERGR2WPAQURERERERERmjwEHEREREREREZk9BhxEREREREREZPYYcBARERERERGR2WPAQURE
RERERERmjwEHEREREREREZk9BhxEREREREREZPYYcBARERERERGR2WPAQURERERERERmjwEHERER
EREREZk9BhxEREREREREZPYYcBARERERERGR2WPAQURERERERERmjwEHEREREREREZk9BhxERERE
REREZPYYcBARERERERGR2WPAQURERERERERmjwEHEREREREREZk9BhxEREREREREZPYYcBARERER
ERGR2WPAQURERERERERmjwEHEREREREREZk9BhxEREREREREZPYYcBARERERERGR2WPAQURERERE
RERmjwEHEREREREREZk9BhxEREREREREZPYYcBARERERERGR2WPAQURERERERERmjwEHERERERER
EZk9BhxEREREREREZPYYcBARERERERGR2WPAQURERERERERmjwEHEREREREREZk9BhxERERERERE
ZPYYcBARERERERGR2WPAQURERERERERmjwEHEREREREREZk9BhxEREREREREZPYYcBARERERERGR
2WPAQURERERERERmjwEHEREREREREZk9BhxEREREREREZPYYcBARERERERGR2WPAQURERERERERm
jwEHEREREREREZk9BhxEREREREREZPYYcBARERERERGR2WPAQURERERERERmz6qpG0BkSos/P653
/4JXezVyS4iIiIiIiKgxcQQHEREREREREZk9BhxEREREREREZPYYcBARERERERGR2WMNDiIiIiIi
IiIz0q5dB9g72AMA8vPycfnyxSZuUfPAgIOIiIiIiIiomXNwcMCYMYEYPORRODg4iB7Ly8vDwQN7
8eOPccjLy2uiFjY9BhxEREREREREzVjfvv0R9vJknWCjgoODA/wDnsDgIY9i/bqPcfp0WiO3sHlg
DQ4iIiIiIiKiZqpv3/6YPuP1asMNbQ4ODnhz9nz07du/EVrW/DDgICIiIiIiImqG3NzdEfbyZKPP
C3t5Mtzc3RugRc0bAw4iIiIiIiKiZmjs2CCDRm5U5eDggLFjgxqgRc0bA457evfq1dRNICIiIiIi
IgKgCSkGDx5a5/MHDx5ap3DEnDHgADAxZCI+WPkBJoZMbOqmEBEREREREaFduw7N4hrm5IEPOCaG
TMTEkJB7/w5hyEFERERERERNrls3ebO4hjl5oAMO7XCjch9DDiIiIiIiIiJz88AGHPrCjcrHQliT
g4iIiIiIiMiMWDV1A5pCTeEGAGzZuhUpx483YouoMUgkEgz0fRi9e/WFp5cXpFIXWFlZoaioGDl3
bkOpvIyjR/9ESsqxpm4qabG3t0enzl2FbVXOHVy6dLHJ2uPt3REjRgbA2toaSYcP8v1CBr0nmtv7
mIiIiOh+9MAFHIaEG1u2bmnEFlFj6N27L158aRLc3HTXgra3B1xcXNC+gzcGDxmKy5cvYsvmTbhw
4VwTtJSq8vJqh1mz3hS2T548jlUff9AkbfH2fghz5kTC2sYGADBggB++/OITHD58oEnaQ03P0PdE
c3ofExEREd2vHqgpKgw3HkzOyMSMmW/oDTf0adeuA+bMXYAnnhjdwC0jczN8xCihIwsAFhYWGD58
VBO2iJoa3xNEREREzccDM4KD4caDyQlX4IBswMJCtL+4uBjZ2TeQl5cHJycntGzRUtRJsbKyQlDw
8wCAnTt/btQ2U/NlZan7K9PS6oH5NUp68D1BRERE1Hw8EH+FMdx4MNnhDhxxXbRPpcrBr7/+hAP7
9yI/P0/Yb2/vgKFDh+Op0WPh6OgIQPNNbGDQc8jIuID09NRGbTs1T4cPH4Cv3yBYaAVmycmHmrBF
1NT4niAiIiJqPu77KSoMNx5cjrgm2lYqL2PRwreQEL9TFG4AQH5+Hnbt+gXvvRuJ69crz5NIJHjx
pUmN0l5q/k6ePI5PP1mLM2fScf78OXz33TbE7/q1qZtFTYjvCSIiIqLm474ewcFw48FlhXxYoUDY
Li4qwrq1H0GtVtd43q1bN7F2zX+x4O33YXNvyoqDgwNat24jCj7owXXkSDKOHElu6mZQM8L3BBER
EVHzcN8GHAw3Hmw2yBVtnzx5HNnZNww698qVLBw4sBcdOnhj757dOHRoP8rKyhqimURERERERGQi
92XAwXCDLFAq2r5+43o1R+r39bbNKC8vN2WTiIiIiIiIqAHddwEHww0CgHJYiradnJyMO7+e4YZc
0R3dusrRunUb2Nnbo6SkBLl37yIzS4njx//G9WtX63xtZ2dn9OjRC94dO0EqdYGtrS0KCvKRe/cu
Ll7MwKlTJ3D79q16tV/7Xv0H+KFDe2/YOzigqLAQ586fxZ4/fq/13FatWqNXrz6QydrDydkZlpaW
KCjIx+3bt5Bx4QL+TjmK4qKierfRysoK/foNQJcu3dCiRUtILC2Rn5+Ha1ev4vjxY8jIuFDve5ia
paUl+vcfKLQZFhbIzb2La1ev4Pjxv6FUXm6UdjTk+1SbtY0N+vUbgG5d5ZC6uKC8vBy3bmYjLe0U
UlKO1fh58/DwRL9+A+Hh6QkHB0cUFRVCrVbj7JnTSEk5isLCQqPb05ifofqwsLBAt25ydO/eEy6u
LeDo6Iji4iKoVSpcyDiPE8dToFarmrqZRERERM3GfRVwMNygCqWwEW336NEb9vb2yM/Pb9D7jhjh
j8efGA03N/dqj3nuuZdw7p+z2PFjLNJSTxl8bZmsHcaOC0aPHr1gbW1d7XFlZWU4eSIFP/64HRkZ
52u85kMPdcabb74lbCf+Ho+Y77+BtbU1goOfxyNDh8PW1lZ0zqDBj+DA/r0oKSnRe83u3Xti9NPj
0LlzV9HKElXl5+chKekQtsd9j9zcuzW2U/T8SitH5zz+xGg89tiTkEpd9B47Zmwgzv1zFps3f4Gs
rEyD71GThYuWok3rNsJ2ePhklJaKRwxV97oCgH/AE3jiiafh4qK/zYFBzyEt7RT+9902XL58ySRt
rsrU79Oanm9NP6ORox7DtWtX8c03W3HyRIroMXf3VpgwIRTde/TS+z4aPnwU1Go1fvppO35P3FVj
+yo0xGcIMOw9YQwrKysEBDwJ/4DHq31vDwdQUlKCv/8+iri4/5ksjCIiIiIyZ/dNwMFwg7QVwhll
sITk3lQVFxcXTJs2Cxs2rGqQkMPFxQWTJ89E124+tR5rYWGBzl264o035mLPH4nYZsB0mLFjg/Dk
U2NgZVX7R1YikaBX776QK3pge9z32LXrlxqPtbapDIOsLC3h5OSEf/17Htq161DrvbRZ29ggZEIY
Bg1+pMZgo4K9vQOGDx+Fvn3749NP1+HM6XSD7lNYWAgHB0dMnzEL3brJaz2+U+cumDP3bXz++Qad
TnRdWFtbi14zfc9V3+tqb2+PKVPD0b17z1rvIZd3x5uzI7Fx42qjQrDaNNT7VN/ztbW1xYwZb0Cu
6F7jfdq0aYvw8H/h622b8ccfiQA0Idkrr06Fs7O0xnOdnZ3x4osT4erqitiY72o8tqE+Q4Bh7wlD
ubq2wKzXZ0Mma1frsVZWVhgwwBc9uvfEtm3ROHToQJ3vS0RERHQ/uC+WiWW4QboskA/xt9NyRXe8
+95yDB06vF4dkKpcXVvgzdmRejuNubm5uH7tKu7cua0z4sHCwgLDR/hj2rSIGq8/KfQVjBkbqNMx
Ky0txe3bt6BUXkZ2drZO59Pa2hrPPvciRvk/btTzmTI13Ohww97eAf/+91sYPGSozmtbUlKC7Owb
uH79Ggr0hEsuLq6YNWs2fHwUBt2roLAAM2a+Lgo3ysvLcfv2Ldy4cR0FBQU65zg6OuK116ahZUs3
o56XKc2Y8boo3CgtLUV29g3cuHEdhYW6bXZwcMBrr02Hi4urSe7f0O/TqqqGG4WFhbh+/Rpu3bql
816VSCR44cWJ6NrNB506dcGMGa+Lwo2ioqJ7597UW/D3iSeeRs+evattS2N/hurK3t4es2fP1wk3
ysvLkZNzB0rlZdy8ma3zM7Kzt8ek0FfRv79vo7STiIiIqLky+xEcDDeoOnfRBjZQwxp5wr4WLVpi
UugrePKpMTh0aD/279tTr7n2EokE02e8jrZtPYR95eXlSE46hISEnaL6D9bW1ujbdwAef/wptO/g
Lezv228AgoKf0/sN9ODBQzF06HDRvhs3rmP37gQc2L8XeXmVq8U4Ozvj0WEjERDwJBwdHYX9zzzz
Ak6npxpU16FT567o2PEhYfv6tas4ciQZ165dhbWNNVq3boMePXqLOoIWFhaYNi0CnTp1Fl3r8uVL
iN/1C/78M0nUIevUqTOGj/CHr+8gSCSajNXGxgaTp8zEu4veQk5OTo1t7NmzN1xdWwDQhCd79vyO
Xb/9glu3bgrH9OjZG6OfGovOXboK+xwcHPHSS5Owdu1Htb4OpjZgoJ/Q5vz8POzc+TN2/56A/HzN
e1MikaBHj1546qmx6NS5i3Ces7MUQUHPYdOmT+t1/4Z+n9b0fO/cuY0ffojBoYP7hWkbzs5SBDz2
BAICnhRCB0tLSzz/3AQ4OjkJoyHu3LmNHTvicPDAXuFcBwdHjBjpj6eeGiss5WxhYYHAoGdxQs8I
ncb+DNXHmLFBaN2mrbBd8f5OiN8pWgXK0dEJDw8agieeGC28zlZWVnjxpYk4eTKlTnVJiIiIiO4H
lq1atVnU1I2oK4YbVNXIsdO0tixQCFfYIBeWKBYd5+joiG7d5Bjl/zgUih6ws7dHVmYmSkv115Wo
zrjxwfD1HSRsl5SUIDrqc+zYEYs7d+6Iji0rK0NmphJ79+6Gk5MzOnbsJDzWsWMnpPx9FCqVuGDg
lStZcHVpgXbtO8DCwgJJSQexetV/cOZMOoqLxc+pqKgIZ8+cRnLyIfTo0QvOzs4ANJ3bFq4tkJx8
WKf9LVu64ZFHhgnbLVq0ENr6ww8x+OSTtUhLO4XLly/hYsYFpJ46iT92J4gCjtGjx2Hoo+IO5L59
f2Dtmv/i8uVLOt+43759C8eOHsHFjAvo3bsvrO7VQrC1tYWLiyuOHj1SYxvt7OwBaEYEfP7ZeiTE
79SZdnT9+jUcOLAXrVq1Qbt27YX9rVq1xr59u+vVARw56jFR0dqff/pB5zlW12aVKgerPv7gXuhT
+fMrLy/HtWtXsX//HrRyby1qc+s2bbF7d4LoeGM19Pu0uud7/fo1/OeDpUhPTxW9Z4qKCpGWdgo3
rl9Dv34DhVE/Lq6ucHBwEJ+bdkp0bnFxMc6eOY2LGRfg6zeo8lwXV5w8cRx37twWta2hP0NA3d4T
169fQ9Lhg6JjJoSEiYKVTV9+ip07f0JeXp7ouOLiIlw4fw7JSYfQp29/ODo6oby8HOcmY3oKAAAg
AElEQVTPn8OZs6eNqmlDREREzVe3bnKDpmTX5MzpdJw+nWaiFjV/ZjuCo7ZwI+V4inBcUzp+PAUp
x483aRseZGWwxC10wrGdyzBqZIBonjyg6bh06dINXbp0w7hxQfjryJ9ISPwNmQZ8U+vsLMWoUeKh
61u2fIlDh/bXeu7X2zbDxcVFGFJuZWWF0aPH4ZNP1oqOKykpQXT05zh79jR69OyFzz/bUOu1b926
iTWrP8TCRUtga2sHAJAresDaxsbgVUu+/WYrfv89vtbjnJyc8MQTo0X7fk/cha+/rj1YPHEiBV9u
+hTTpkUIndRuPnJYW1vrdDz12bLlSxw79leNx2yO/hxdunSFu3srAJpRAr6+gxAfv7PW65taWVkZ
Nm5YU+uqLps3fwFF9x7C1BRbW1vIFd1x9K8/63Tfxnif6lNcVIR1az8SjTyoKjn5MIYNG6UzbcaQ
c0+dOoGUlGPo27e/sE/RvQcuXDgnOq6pPkN1oV30Va1W4/Dhmmtq5OTcQdSmzzBipD92/voTLl26
2GBtIyIiItN44YUQyLS+zAKA/3ywtEna8ubs+aJt5eVL+OabrU3SFlMxy4CjtnADAHr36o3evaqf
k91YtmwFA44mZ4GY77/B3j2/47HHnoSv3yA4ODjqHGVv74BHhg7D4CFDcfjwAXz7zVei4etVjRwV
ADs7O2E7LfUUDh7YZ3Crvt62BT179hGG2ffu3bfalV4OHtyHgwcNv/aNG9fx15E/MXjIUACaKSBy
n+44fvxYreceP/63QeEGoFkRxM7eXti+fPkSvvtum8HtPHb0CFJSjsHNzQ379+3Bvv17DAo3jqcc
0/n2W5+SkhIkJx3CU6PHCvs8vWQGt8+UDh7Yh7NnT9d6XElJCVJSjuHRR0cI+7y9O9Y54GjM96m2
PXt+N2jlmpMnj+sEHHv37jbo3ONVAg6vGn62jfkZqqvi4mJh1SJrKytIJBK9NUe0nT172qD3FRER
ETUP7dp10Pnbx83dHTezs3WOzb5Z/Zc9hqpu9Iabu7vO6BALmK5OYVMxuyKjhoQbRPrcuHEdX30V
jTmzZ+Gbb7bi3D9n9a4KIZFIMHjwULz9zmJ4ez+k50oaffr0F23/8ssOo9qTk3MHaWmVK2RY29ig
d+9+Rl2jJlU7PS1btjTovF2/1bxihLa+fQeItmNjvjV6ecxPNq7Be+8uwO+/xxv87XhC4m8GX//8
+X9E29JaVuZoKLt3GxYaAcClSxmibScn5zrftynep+Xl5di7d7dB18/MVNb53KrL6OoLLuujrp+h
utKuI2Nnb4+x44Ia9H5ERETU+C5f1h1x6e7WSu+xpphaUl1Iou+e+tpmbsxqBEfvXr0YblC9FRYW
IjHhNyQm/IbWrdtg+PBRGOj7sFCsr4K7uzsiZr2Jj/67XKcj5eTkJPq2+M6d20hPTzW6LRcunEPv
3n2FbW/vjrUOS/eStUOvnn3g5u4OJydnWFlZIffuXajVKly9dgWpp07i1q2bUKnExTodtWoEVOfO
ndsG/yJ1dnaGh4ensJ2dnY2TJ40frVR1RYja5OTkGLV0qnanEQAcHE3bCTZEdna2UdMH7qrFNRS0
R2AYo6nep9nZN3DlSpZB187NVYu2b9++ZdDoDQBQq8W1QCpGP9SmIT9D9ZGUdBDjxz8jbI8ePQ4+
3RSIj9+JY8eO1Dqag4iIiJq/qrW1AM1oCugZkHkzOxtnTqfrXQXPEGdOp+sdGSLc04C2mRuzCjhS
jh/Hlq1bGXKQyVy/fg3ffbcNMTHfYvgIf9GqBICmE//qa9Px7qL5os6Ft/dDouVQnZyc8fGqjUbf
38rKUrTt5q4/vQWAYcNG4rHHn0Lr1m1qvGZ5eTkuXszAxSq1HipWLKlJ1TCgJh07dhK9BhlVah80
FGPaCEBn2dimGHqXU6XwZW3qU1BUW1O8TwFAVctKONqqTkky5tyqRYFr+9k2xmeoPnbt+hV9+vSH
t3dHYV+nzl3QqXMX5Obm4p+zp3HmzGmcPJlicAhEREREzcvp02kYg0DRvr59B1Q7hXjHjlidWhmG
2rEjttrHqo7ErmibuTOrgAOAsCoKQw4ypdLSUiQm/IZDB/cjNOxV9OtX+YH39PRCwGNP4redPwv7
WrR0E51vZWUlLHdZH/q+qXd2liJi1puiTk9NLCws4O3d0eDjtRmT2rpUGfGSfVN/Omxq5rhCRH5B
zfUqGkpjvk+11ef5FhYW1H6QkRrzM1QfxUVFWL3qP5gyZQa6+ShEjzk6OqJ3n37o3acfnn3uRWRn
ZyMt7ST27tmNjIzzjdpOIiIiqrvTp9OQn58He3sHYV+fPv3g4OCg92/x06fTcPDgPgwePNSo+yQm
/FZtYOHg4IA+fcRTjvPz8xhwNBVDQo6U4ynYutW8K8BS48vLy8XGDasxc+Yb6KU1JH/AAD9RwGFT
ZTUWU9H+th3QjCB5c/Z8eHp6ifbn5+fhwoXzuH7tKv6fvfuOj6LO/zj+DgmbZJMACekFAgKhBkKV
DtKxoiB2T73TU0+9s556ng0LdvQ8y516J97peer97AVQivQqSq8BIaSRRnpCfn9glkx2N9kku9lM
8no+Hj4emdmZ2W9wP9/MvHfm+y0pKZGfn5+sQUGKjY1XXFy82v8y9aon1f43KGvC1KvwjOb6nLZk
LbmGHCkoyNczzzyhceMmavKU6YbHwGoKDw/X2LETNGbMeG3b9qPefXehMtKPNXNrAQBAY2zevNEu
sJg8ebrTOy7eevN1SXI55Fi1akWds6FMnjzdYZtaA1MGHFL9IcfA5IHamvyjbTvAVVVVVXrvvXfU
t98A27fdXbsmGmaOqKh1W/3mTRvqHTvDFTk5xkcZLr3sKsOFWWVlpb768jN9/sUnTgfkDAoK1pgx
4zR5ynS7cUXcqfb7e+piGo3XXJ/Tlqwl11Bdli//TsuXf6cePXpp6NDhOqNHL8XHJ9jdgePj46P+
/ZN1770P6pVXFmj3rp1eaS8AAHDdqpX2d2Sce94srVy13OmYGW+9+bq2bN6ouZdcYZhavqbs7Cz9
57136gwrOoeH69zzZtmtb8gsey2ZaQMOqf6Qo3o9IUdbVaVA5apEDZ81IzMzQ+npaYqLS5B06iKi
c+dw/fzzYUmyG3ywXbt22rRpQ9ObXEOnTqF2z8b957139N13i+vcr7DwhL7++gvl5OToN9ff5NY2
1ZSbm2tYdjRQEbyrOT6nLVlLryFX7N27W3v37pYk+fsHaODAQUpOTlHywEGGW1uDg4P129/eogf/
fK/d4KsAAKBl2bVrh8PBQ+fOvUJ/ffkFp/tt3rxRmzdvVFJSHyUl9bGdf2dnZWnXrh0uPWIyd679
tfPuXTtbxeMpkskDDomQA/Z8VSarshSgXLVTuXwUX/9ODpw4YRzrISjo9AwKqanGaTyjomMa9R51
6d8/2fBt7aFDqfVemNUUERHp9jbVdODAPlVVVdkeV6hrSl14R3N8Tluyll5DDVVaWqJ169Zo3bo1
8vf317nnztKUqTNsg5+GhHTQ2eecr/fe5e8dAAAtnaPBQ1NShuiaa67XW2+9Xue+roYZtV1zzfVK
SRnisC2thWeHhG8mC99ZqIV1jLdx5RVX6MorrmzGFsGbApUtqzLVTuW/LDdu8MsOHToalnNyjtt+
Pn48W5mZGbbl6OgY9eyZ1Kj3cab2HRF79jiYO6oOffv1d2dz7BQU5OvYsTTbckREpHrXGhjRFWYa
z8FsmuNz2pK19BpqitLSUn3wwXv6+OMPDev79OnnpRYBAICG2LVrh5Ys/tpu/ajRYx0+QtJU11xz
vUaNth/Do67BSM2oVQQcEiEHTitWZ1XVmC7STyWaMnVGg44RFRVtmEqysrJSWVmZhm1+/PEHw/L0
6Wc3uK2jRo3V7265Xd26nWH3Wu0L/9pTYtYlMbF7s1zI/rBlk2H5oovmNngqzblzL9dDDz+hyVOm
y9/f353Ngzz/OW3JzFBDNXXqFKqLL75M9//pEbV3cUybRYu+UlVVlW25Y8dOnmoeAABws/fee0eH
Dx+yW3/eeRfqppt/L6vV6mCvhrFarbrp5t87DDcOHz5U52CkZtRqAg6JkAOnVMqiMoUY1l1wwewG
3V1w0exL5Ovra1vevWunTp48adhm8aKvVFFx+oIpeWCKpk6d6fJ7REVFa+4ll2vgwBTde9+D+v0f
7jY8BpNz/Lhh+65dXZuy0t/fX9ded0Oz3BmxePFXKq0xe0pit+668MKLXd4/IaGLxk+YpLi4eM2d
e7nmP7VAYbWmNkXTePpz2pKZoYaqzZ59iR5/4llNmTpDiYndNOuC2a7tWCPckKTycscDpwIAgJbp
5ZefV3Gx/fSwKSlD9MCfH2vw9LA1jRo1Vg/8+TGHj6UUFxfp5Zefb/SxW6pWFXBIhBw4pUBxOqnT
AYXFYtFNN9+moUOH17lfe4tF11xr/2zaqlX2owpnZmZoxYqlhnWzLpyjmTPPrbd9iYndddfd98tq
DZJ06pvmwMBAFRaeHvfjp21bDd/M9urVu972h4R00K233el0akl3y8vL0+JFXxnWTZ02U3PnXl7v
vj169NIfbr/HOEZC6kEdP57t9na2ZZ7+nLZkZqihanl5uYapaSdPma6ZZ59X734TJ04xBDFHjx7x
SPsAAIBnZGdl6emnHncYcoSHh+uaa6/XE08+r1Gjxro0qH/n8HCNGjVWTzz5vK659nqFO9inuLhI
Tz/1uNMZW8zM9IOMOsLAo6iURScUqw46bFsXGGjV9Tf8TqPH/KjvVyzTTz9tVWlpidq1a6fY2DgN
HjxMo8eMs7uDYNu2H51OrfnhB++pV68k22wrfn5+mnXhxRowYJCWLftW69atNtz5ERbWWRMnTtbE
sybL3z/Atr6oqFD/eOtvhmNnZ2Xpp5+2asCAgZJOXVxee91vFRMbp2++/lKlpSW2bdtbLBo3doKm
TjtbYWFhvxyzyC23tdXn00//p969++qMHj1t7Zw8Zbq6de+hr778VD/8sNlwkRkVFa2JEydr7LiJ
hqlli4oKtXDhmx5vb1vkyc9pS2aWGpKkb79dpJGjxighoautrbNmzVGXLon6/LP/s7t9NTQ0TJMm
TdWkydMM61d+v7xZ2gsAANzn8OFUPfzw/br55j8oIaGL3evVQUf1tocPHVJWtvHx+fDOEUro0sV2
LuH8vQ7p5Zefb5XhhtRKAw6JkANSscLko5MK1lH56NQFto+Pj/r3T1b//smSTg3UZ7FYnN6KfvTo
Eb31pvNRjEtLS/XyX17QH26/xzDjQo+evdSjZy9dddW1ys3LVUlJiYKCghUaGmr3XiUlJXr9tZeV
lnbU7vj/+tc/9Mc//lmdOoVKktq3b6/zzrtQ06adrbSjR1RcXKyQDh0UHh6hgIDTF6InTpzQRx+9
r6uuutbFf63Gq6ys1Msvv6Db7/ij4uMTbOvPOKOHbv7dH1RSXKzs49mqqqpSSEiIwzECysrK9Ppr
LxsGxIT7ePpz2pKZoYakU3X0+msv6+57HlBIyOlH7IYMGabBg4cqOztL2dmnTkQ6duyo8PBIw91P
krR50watW7e6WdoLAADcKzsrS888/ZiuufYGDRo02Ol2CQld6w0xnNmyZZPeevM1FRXZ3y3SWrS6
R1Rq4nEVFClceeqq3Nwch6/7+/s7DTe2bftRT82fp7y83DrfIzMzQ0/Nn6fdu3bavdbeYlFERKQS
ErooLCzM7r2ys7P0wvNPadu2Hx0eOzsrS6++8qLy8vLs2p3Yrbv69O2n+PgEw4VZbm6OFrzwtGHW
F08rKMjXU/PnaUutQUclKSAwUHFx8YqPT3AYbuTl5WrBgqed/hvAPTz5OW3JzFJDknTsWJqefmqe
MjLSDet9fHwUHh5hm/M+OjrWLtzYuHG9Xn31peZsLgAAcLOioiK9/Jfn9czTj9u+2HCH7Ows/fXl
F/TyX55v1eGG1Irv4KjGnRwoVUc9ev9dOvfcWRo9ZpyCg0OcbltVVaXU1INa9M0XWrdujcvvkZub
o6effkzjJ5ylqVNnGmZgcaSoqEirVi7XJ5/8z+HzdjXt27dXDz90ry677GoNShlid2FTraKiQhs3
rtN/3ntHBQUF6v/LbfnNpbj4VIc8dNgIzZx5br3JcmlpidatXaMPP/yPacZ0MDtPfk5bMrPUkCSl
pR3VIw/fr5lnn68JEybV+4jMsWNp+vSTjxrUXwEAgJZt164deuTh+zUoZYjOO+9Cde5c/9gbjmRn
Z+mTTz7Sls0bW32wUc2nT98BVfVvZn5XXnGl05BDkha+8w4hRysw7+9bHa7/069PPZLi4+OjAQMG
qm/f/urYKVQhISEqLy9Xfn6eDh8+pG0/bXXLLfi9knqrb9/+iomJU5DVKvn4qKS4WFlZmdq/f682
b96o8vLyBh83JKSDzhw5WnFx8erYoaPat2+vghMnlJp6QBvWr7WbytabEhK6Kjl5kOLi4xUcFCJf
X1+VlBTreM5xHTywX5s2rVdxcbG3m9mmeepz2pKZqYZ8fX01YMBA9e7TT506dVJwULAqKit1oqBA
GRnp2rJlow4dSvV2MwEAgIclJfVRSsoQ9Urq43CMjpoOHz6k3bt2aPPmjdq1a0cztbDlaDMBh0TI
0RbUF3AAAAAAgFlZrVbdedf9dkHH4cOH9MzTj7WZOzWcadVjcNTGmBwAAAAAALMqKipSsYMQo7io
qM2HG1IbCzgkQg4AAAAAAFqjNhdwSK6FHAOTeaQBAAAAAACzaJMBh1R3yLHwnXf0w1bHYzkAAAAA
AICWp80GHJLjkIOBRgEAAAAAMJ82HXBIxpCDcAMAAAAAAHPy83YDWoKF7yzU1q0/8FgKAAAAAAAm
1ebv4KhGuAEAAAAAgHlxBwcAAAAAACaxctVy7dq1w7AuKzvTS61pWQg4AAAAAAAwiVUrV3i7CS0W
j6gAAAAAAADTI+AAAAAAAACmR8ABAAAAAABMj4ADAAAAAACYHgEHAAAAAAAwPQIOAAAAAABgej59
+g6o8nYjAAAAAAAAmoI7OAAAAAAAgOkRcAAAAAAAANMj4AAAAAAAAKZHwAEAAAAAAEyPgAMAAAAA
AJgeAQcAAAAAADA9Ag4AAAAAAGB6BBwAAAAAAMD0CDgAAAAAAIDpEXAAAAAAAADTI+AAAAAAAACm
R8ABAAAAAABMj4ADAAAAAACYHgEHAAAAAAAwPQIOAAAAAABgegQcAAAAAADA9Ag4AAAAAACA6RFw
AAAAAAAA0yPgAAAAAAAApkfAAQAAAAAATI+AAwAAAAAAmB4BBwAAAAAAMD0CDgAAAAAAYHoEHAAA
AAAAwPQIOAAAAAAAgOkRcAAAAAAAANMj4AAAAAAAAKZHwAEAAAAAAEyPgAMAAAAAAJgeAQcAAAAA
ADA9Ag4AAAAAAGB6BBwAAAAAAMD0CDgAAAAAAIDpEXAAAAAAAADTI+AAAAAAAACmR8ABAAAAAABM
j4ADAAAAAACYHgEHAAAAAAAwPQIOAAAAAABgegQcAAAAAADA9Ag4AAAAAACA6RFwAAAAAAAA0yPg
AAAAAAAApkfAAQAAAAAATI+AAwAAAAAAmB4BBwAAAAAAMD0CDgAAAAAAYHoEHAAAAAAAwPQIOAAA
AAAAgOkRcAAAAAAAANMj4AAAAAAAAKZHwAEAAAAAAEyPgAMAAAAAAJgeAQcAAAAAADA9Ag4AAAAA
AGB6BBwAAAAAAMD0CDgAAAAAAIDp+UVFRnm7DQAAAAAAAE3CHRwAAAAAAMD0CDgAAAAAAIDp+YR1
jqzydiMAAAAAAACagjs4AAAAAACA6RFwAAAAAAAA0yPgAAAAAAAApkfAAQAAAAAATI+AAwAAAAAA
mB4BBwAAAAAAMD0CDgAAAAAAYHoEHAAAAAAAwPQIOAAAAAAAgOkRcAAAAAAAANMj4AAAAAAAAKZH
wAEAAAAAAEyPgAMAAAAAAJgeAQcAAAAAADA9Ag4AAAAAAGB6BBwAAAAAAMD0CDgAAAAAAIDpEXAA
AAAAAADTI+AAAAAAAACmR8ABAAAAAABMj4ADAAAAAACYHgEHAAAAAAAwPQIOAAAAAABgegQcAAAA
AADA9Ag4AAAAAACA6RFwAAAAAAAA0yPgAAAAAAAApkfAAQAAAAAATI+AAwAAAAAAmB4BBwAAAAAA
MD0CDgAAAAAAYHoEHAAAAAAAwPQIOAAAAAAAgOkRcAAAAAAAANMj4AAAAAAAAKZHwAEAAAAAAEyP
gAMAAAAAAJgeAQcAAAAAADA9Ag4AAAAAAGB6BBwAAAAAAMD0CDgAAAAAAIDpEXAAAAAAAADTI+AA
AAAAAACmR8ABAAAAAABMz8/bDfAGi8Vf4RERCg0NVUiHjrIGBcnf319+fm3ynwNosoqKCpWWlqqo
sFAF+XnKyclRVmamyspKvd00j6APQVtGvVPvcI76oD4AeJdPWOfIKm83orkkdOmquPgERURGersp
QJuQmZGhIz8f1uFDqd5uilvQhwDOUe+Ac9QHADSPNhFw9OjZS93P6CH/gACHr1dWVqq0pEQVFRXN
3DKgdfDz85N/QIB8fX0dvl5aUqL9+/Zq757dzdwy96APAU6j3ql3OEd9UB8AvKtVBxyxcfHq3bef
goKCDOuLCguVnn5M2VlZysvNUVFRkZdaCLQuVqtVHTuFqnN4uKKiomWtVXuFhYXauX2bjh752Ust
bBj6EMA56h1wjvoAAO9otQFH8qAUdU3sZliXdvSIUg8eVGZGupdaBbQtEZFR6pqYqJjYOMP61IMH
tHXLZi+1yjX0IUDDUO+Ac9QHADSPVhdwBFqtGjJ0mELDOtvWZWaka9fOHco5ftyLLQPartCwMCX1
7qOIyCjbupzj2dq4Yb2KW9i3PfQhQNNQ74Bz1AcAeFarCjhCQjpo2JkjDbfP/bT1Bx3Yv8+LrQJQ
rVv3M9Q/eaBtubCwUOvXrFZBQb4XW3UafQjgPtQ74Bz1AQCe4RtoDXrI241wh0CrVSNGjbZ1xEWF
hVq7ZpXSjh71cssAVMvNyVFmRrrCwyPU3mKRxWJRRFSUjh1LU0V5uVfbRh8CuBf1DjhHfQCAZ7Sa
gOPMkaPUoWNHSVJ+Xp7Wrl6pgvyWkYIDOK2kuFjpx9IUHh4h/4AAWSwWhYaG6lCqd6fOow8B3I96
B5yjPgDA/VpFwJE8KEXRMbGSfkmZV69kFGegBSsvL1dmRrqio2PU3mJRYKBVAQEBSj92zCvtoQ8B
PId6B5yjPgDAvdp5uwFNFRsXbxjZedPG9XTEgAkUFRVp08b1tuWuid0UGxff7O2gDwE8j3oHnKM+
AMB9TB9w9O7bz/bzT1t/YFRnwERyjh/XT1t/sC3XrOfmQh8CNA/qHXCO+gAA9zB1wNGjZy/bAEiZ
GemM7AyY0IH9+5SZkS5JCgoKUo+evZrtvelDgOZFvQPOUR8A0HSmDji6n9HD9vOunTu82BIATVGz
fmvWtafRhwDNj3oHnKM+AKBpTBtwJHTpKv+AAElS2tEj3EYHmFjO8eNKO3pEkuQfEKCELl09/p70
IYB3UO+Ac9QHADSNaQOOuPgE28+pBw96sSUA3KFmHdesb0+hDwG8h3oHnKM+AKDxTBlwWCz+ioiM
lHRqCqvq5xUBmFdmRrqKCgslSRGRkbJY/D32XvQhgHdR74Bz1AcANJ4pA47wiAjbz+np3pknHID7
1aznmnXubvQhgPdR74Bz1AcANI4pA47Q0FDbz9lZWV5sCQB3qlnPNevc3ehDAO+j3gHnqA8AaBxT
BhwhHTrafs7LzfFiSwC4U816rlnn7kYfAngf9Q44R30AQOOYMuCw/jJPd2VlpYqKirzcGgDuUlRU
pMrKSkmn69wT6EMA76PeAeeoDwBoHFMGHP7+pwZbKi0p8XJLALhbdV1X17kn0IcALQP1DjhHfQBA
w5ky4PDz85MkVVRUeLklANytuq6r69wT6EOAloF6B5yjPgCg4UwZcAAAAAAAANREwAEAAAAAAEyP
gAMAAAAAAJgeAQcAAAAAADA9Ag4AAAAAAGB6BBwAAAAAAMD0CDgAAAAAAIDpeW5ibTjVs2eSAgIC
bMuZmRk6dizNiy2yFx0do4iISNvyicITOrB/nxdb5JqoqGhFRkbZlgsLC7V//14vtghwv9p9SGMc
PHhABQX5bmoRAHfr12+A2rVz3/dQu3btUFlZmduOB5iBo7+Xe/bsVklJsZda1HqY9VoBrR8Bhxfc
ccc9io2Lty1/+cWneuWVl7zYInuzZs3WjJnn2pZ379qpO++81Ystcs25516g886/0La8f/8+/f62
G73YIsD9avchjfHcs09q6dJv3dQiAO726Lz58vNz32najb+9VkeO/Oy24wEtXWhYmOY/9bxdHb39
9pv64L/vealVrYdZrxXQ+vGICgAAAIBWZdrUmQ5DwnHjJnqhNQCaC3dwAAAAAGhVxo6b4HB9YmI3
9eqVpN27dzXoeGedNUXnnHO+bTk3N0ePPPJAnfvcd/9DCu8cblv+6qvP9c03XzbofYHGaMzntbUg
4AAAkysrK1VpacOerS8rK/dQawC4Q0F+vvzat3f6ekhIiGG5qKhIlZWVTrc/efKk29oGtHR9+vRT
QkIXp69PmTqjwQFHaFiYevTsZVvOysqqd5/Ert0UHRNjW+68fm2D3hNorMZ8XlsLAg4AMLkli79p
ceP4AGiaq6++xOlroaFh+ufbxjEEnnv2Sa1bt8bTzQJMYcrU6YbliooKw+MqI0eO1quv/kWVFRXN
3TQAHsYYHAAAAABaBT8/P40YMcqw7t13F6qkpMS23KFDR40b6/gRFgDmRsABAAAAoFWYMGGS4RGu
yspKLV78tX788QfjdhMnNXfTADQDHlFphSIjozTizFHq2aOXOnTsqPbt26u4qEjZx7O1e9dOrVu3
WgUFBQ06ZpWqDMsjR47W4MHDFBEZqfbt2+tEQYEOph7Q9yuW6/Dh1Ea128/PT4kCS4EAACAASURB
VGPGjFOfvv0VFRkli7+/SktLlZmZod27dur775e7fd5yXz8/DU4ZopSUoQqPiFBQUJBKS0uVm5Oj
Xbt3aNXKFQ3+twLMxhoUJGug1bZcVFykosJCSafqcsKESerfP1kdOnZUeVmZ9u/fq//85991HnNA
8kClpAxRXFyCgoOCVaUq5efn6VBqqlavWanUgwea3DYfHx+NGTteKSlDFBERqaoqKSszQxs3rtPK
lSscHi8qKloTJk5S925nKDgkROVlZTqec1xbf9is5cuXMk4B2hx31SrQUoyfcJZheffunco5flxr
Vq/UsGEjbOsHDBio8PDwOscmCA0Lk287X0lSQECg4TUfHyk8PKLOtrRrZ/wu2T8gwG6f/Px8lZWV
OtzfE+f0p9ruoyFDhys5eZBiY2IVaLWqsrJSBQUFSj14QGvWrNShQw07n6/99/PMM0dp8JBhCu8c
Lv+AAOXn5+vggX1auvRbpacfq/NYLf1vvzuuWer6HSVp6LARGjZshCLCI2Tx91dBfr727tujld8v
17FjaQ6P2dDPa3l5ufLychv0u5sBAUcrkpjYXVf/6joNGjRYvr6+DreZMeMclZQUa9my7/TWm6+r
qKjIpWMXF5+6rW/w4KG6/vqbFBsXb7fNyFFjdMklV2jzpg36299e0ZEjP7vc9otmz9UFF8xWx44d
Hb4+ffrZ+vVvbtQ333ypdxa+pbKyhg2o6MjZZ5+n2XMuUecao1vXNHnKNP361zdq+fLv9MbfX3X5
3wowm6uvutYwl/1nn36s119/WSNHjdFvfnOTwsONNTJy1BinAcekSVM1Z84lDvsISdIY6bLLr9LO
Hdu1cOFbdt+oudq2ocNG6Prf3GQYvK3a5CnTtHfvHs1/8lHbSZSPj4+uu+4GzTz7PIfTBk6ePE2X
XHqlFrzwjHbs2FZnm4DWwN21CrQE4eER6t8/2bBu9arvJUkrVizVb66/0Xbh5+fnpylTZ+jdfy90
erwXX3xVHTt2cvha587hevOtfzWofRdeOEcXXjjHsO61V/+izz//xLDOk+f055xzgWZdOFsREZEO
Xx87drwuv+Jq7dixTf/4x9+1c8d2l45bVHzq/VNShujGG291+Pd59OixmnvJFfrss4/15huvOT1W
S/7b765rFme/44ABA3XTzbcpzkHfPHrMOF122VX6+qsv9Le//VVVVcYvoBv6eU09eEC33HJDnb+v
GRFwtBLnnjdL11zzG4fFW1tAQKCmTZupgckpevDBe5WWdrTefQoK8jVjxjm64be/s0uja/Lx8dHg
IcP0bJ9+eunFZ50mqdUsFn/dffd9Gj5iZL1tsFqtuuCCi5SSMkSPPPwnZWZm1LuPM7fedocmT55W
73b+/v6aMmW6BgwYqAf+dE+9ibM7+fv7KzIySv7+/m47ZlZWpvLz8/mWGvWaNm2mbrr5Nvn4+Li0
vcXirzvvuldnnjmq/o0l9e7TV488+qT+97//6u1/vtmgtrnSF/Xo0VNPzn9O9917p7Kzs/TgQ49p
wICBdR43NjZODz40T/fee6cO7N/XoDY1FfWO5tKcteou1AdcNW3aTEMgUF5eriVLFkmSSkpKtGnT
Bo0aNdb2+tixE+oMOLzBU+f0wcHB+uO9f1Zy8qB6j+vj46O+ffvr8cef0T//8Xd9/PFH9e5z4kSB
Zsw4R9ffcLPTUEY6FSxdcMFFio6O0eOPPVTvcat5+29/c1yzTJkyXTfedGud/+/bt2+vc849X51C
O+mp+Y+5dNyWorn6cgKOVuCCCy7Stdc5Tt9KSkpUXl6m4OAQuwuV6JgYPfDnR/X7225yemtctaio
aI0cObrOTqUmq9WqO+68V2VlZVrvZEosi8WiJ5981jCFUU3FxcUKCAiwa3fXrol6dN583X777wy3
crlq7iWXOww3Tp48qcLCEwoMtNp1LNHRMXrwocd06y03qKKZRtwuLy9XcvIgTZg4WR06dGjy8Xbs
2K73//Nv5eXluaF1aM3CIyI0Zep0l8MNPz8/zZs3X7379G3Q+/j6+mr27EvUoUNH/eWl513ap/sZ
Z2ja9Jku9UWdO4frhhtuVmFRUb0nONWs1iDdfNNtuvPOW13a3l2odzSH5qxVd6I+4KqxY8cblrdu
3aKCgnzb8rJl3xkCjvj4BPXvn6yfftrabG2si6fO6a1Wqx5/4lklJnZrUHv8/Px07XU3qKy8XF9+
8Wmd20ZGROnMX4+qM9yo6cwzR+nsc87X5599XO+23v7b3xzXLN26n6EpU6e7FGxJ0pgx47Vp4wYt
Xvy1S9u3BM3VlxNwtALRMbGqqqqyFdWJEyf0xRefaMnib2xJbkhIiMaMnaA5cy413G4eH5+g2XPm
6t//ervO9+jVK8n2c0VFhTZtXK+NG9crMzNDYWGd1b9/skaOGmNI5Pz8/HTb7+/ULb+7QTk5x+2O
ed11N9h1FPv27dXH//eB1q1fq6LCQvn5+WnY8DM164LZhhOy2Ng43XjjLXr2mScb8C91ysyZ5xmW
8/Jy9c9/vqGl3y1RRUXFqecShwzTxXMvU+/ep98zJiZWI84cpZXfL2/wezbGyZMntXLlckVFx2jS
WVMU0oSOYOeO7fru20XKzEy3u50NqK3mN7uVlZX64YfNOnQoVX6+foqJjVXfvv0N2//ulj/YXTBV
VVVpz+5dWrX6ex098rN8/fyUEN9FY8eOV0KXroZtp06doUOHUvWJC98Q1Xzv/fv3avGib3Q07Yg6
deqkkSNHa/jwkYYTjMFDhhn2T009qCWLv9bPPx+W1RqkYcNHaOzYCYaTpl5JvTVgwMBmvSWfekdz
aM5adSfqA64YMGCg3SNXy5d9Z1hes3qlcnJyFBoaals3eco0pwHHhg3rFBwcLEmKjIxWt27dba+V
lpZqy5aNdbYpOTlFgYGnx0JIPXhAx9KN4yek1RhPwVPn9H+4/W67cOPkyZPasmWT1q9fq/RjaQoO
CVFiYneNGzfRcFwfHx9dc82vtWXzxjrvEKnZt+Tn52nxoq+1Z88unTx5Uj17JWnSpGmGf3dJmjPn
EpcCDm//7W+Oa5Z+/U7/jhkZ6Vq86GsdPLhfVVVSUlJvnTVpisLCOhv2Of+CiwwBR0M/rxnp6XW2
yd2aqy8n4GgFXn3lJe3du1vXX3+T0tLS9OgjDygrK9OwTUFBgb784lOtWrlcjz/xrBISuthemzhx
cr0BR7WMjHQ9NX+edu/eZVj/zTdfKvrfb+uP9z6g7t172NZ36NBRV//qOr3w/NOG7QcOTNH0GecY
1q1YvlTPPvuk4RajiooKrV71vVav+l433Xybpk8/2/bauHET9dGH7+vAgf0utV061cnU7lxfevE5
rVu3xrZcVVWlDRvWaePG9Xrk0SeVlNRbK1Ys00cfvt+gcUXcITc3Vx99+B9JanRHsHPHdv3rX//U
9u0/qby83N1NRAswdtxEpaQMdXn7G2+6TpUu3Il0LC1NTzzxsF2NWSyng8yUlCGaOHGy4fWCggK9
8tcX9f33y+yO+d5772jWrDm64spfqX379rb1l112lVatXF7nYG81LV78tV5c8Kxh3bdLFmnOxZfq
yiuvcbjPt0sW6YUXjH3R8uXfadtPP+qmm28zrB8+YmSzjzlAvcOTvFWr7kJ9oD6Tpxjvzj1x4oRW
rFhqWFdVVaV1a1dr2vSZtnUjRoyUxWJxOFbCgheesf180ey5hgvGgoICPTav7kcsXn/9n4aAY9Wq
7/Xuu84fifHEOf3IUWPsps3Nzc3RM08/oa1bt9RqwRItXPiWbv/D3Ro77vQ0ugEBgbrggov0yisv
1fn7StLu3bv08EP3GQY/Xb16pT7+v480b958da0RtISFddbAgSn64YfN9R5X8s7f/ua+Ztm0aYMe
f+whw+dx7dpV+t//PtC8x54yfAa7dk1UXFy87fqkqZ/X5tAcfTnTxLYSixd9rXvuuV0PP3S/XUdY
U15enl5//a+GdVFR0YqNjav3PQoKCnT/fXfZhRvVjh1L0x/vuUNHjx4xrB8zZrxCw8IM6+ZcfKkh
aT148IBdR1HbX19eYHhvHx8fu7sx6uPolvv8/HwHW576I/jcs/N13bVX6qUXn2v2cKNadUew5NtF
KnDSVmc4mWsbgoODFR0T4/J/rjx4UlBQoPvuu9PhH+Oat7/OnnOJoa7Ky8v12LwHHV4wVfvf//6r
11972bDOarXqwgvnutCyU9+a1D7Bqfbf99/VsTT70cUPHjygBQuecbCH9NVXn9v9nl27JrrUFnej
3uEp3qhVd6M+4IzFYtHw4Wca1m1Yv9bhY8VLlnxjWA4KCrYL/7zJ3ef0s2bNNiyXlpbqwQfvcxBu
nFJZUaGnn35c27b9JEnau2e3Xnv1L3rjjdfrbXtOTo4eevBehzO75OXlasGCZ+y+ba99V6gz3vrb
35zXLMfS0uzCjWoFBfl61UHA1K/fgHqP29J4ui8n4GhFDuzfp+PHs+vd7octm1RYeMKwLjomtt79
3n77jXoH2SwpKdbLf3nBsM5isWjs2NMpcGhomN0I12+//aZLA33Vvi02eWD9AyXVlJZ21O7ZxOt+
fYPdLV/VcnKOG57d9JbGdASczKEpPvzgvTpPrKRT37zU/sP6yccfafv2n+o9/tdff6ENtcbnGTlq
tEtt++C/79b5+s6d9iO+f/Df9+q8HX1nrdHTg4NDXGqLJ1DvcDdv1aonUB9wZOLEyQoKCjasW7p0
icNtd+7cbvelVe2pZb3NXef0kZFRSkrqY3j9o4/ed2kg7b+89JzuuvM23X777/T555/UO16fJH3w
wXs6ceKE09f37t2jw4cPGdZ16uR41g+7Y3vhb39zX7O8//6/65wpcseObco5bnzsv/ad6Wbhyb6c
R1RamdCwMI0eNU4DBw1SaGhnBQcHq6ysTAUF+crMyNDu3Tu1evVKFRYWGv4Q1DfQS35+nhYv/qbO
bar9+OMPSk09aEhBe/fuo09+ecRuyJBhhmfeyspKFREeYbiVyxmr1WpYjo6OUUBAgEpKSlxq28mT
J7V69UqNH3/6D1lSUh+9+tqbWrt2tdatXa3NmzfW2Tl7S0Nu6eJkDk1RXl6uRYu+qne7oUOHG2q5
oqJCn376fy6/zxdffqahw0bYljt3Dle37mfUeeJVUlKsNWtX13nc3Nwcw3JZWanWrFlZ9z615oH3
t1jq3N7TqHe4kzdq1ZOoD9Q2bvxEw3JGRro2bdrgdPtVK1dozsWX2pb79u2v6OgYHTtmfxeAt7jj
nH7w4KGGuw8qKir0xed1DxZaraF3LpeVldndHeNIVlamutQY38eVLxS89be/Oa9ZSktLtXz5Uoev
1ZSTe9xwZ3ygNajefVoqT/XlBBythNVq1eVX/ErTps2UpY4T87MmTdF1v/6t3fr6RiXeu3ePS8/s
V9u5c7sh4IiOOj1fdZdag5ZZLP668abGzVjg4+Oj6OhYHTzo+jgcb77xuvr07qfIqCjbuoCAQI0f
f5bGjz9LJ0+e1OHDh7R9249auXKF01v4vMGVjoCTubZn/fq1+u7bxS5vX1lZWefrWVmZDm8vra32
AIRHjvzs0jdO1TZuWKeKigrDiOHdu9V90ZSdnV1vX1RRaXw9Jyenzm9EJKmyota/iYszyHgS9Q53
8Uatehr1gWpRUdF2dyj9fPiQxowZ72QPKS/fOOtCu3btNHXaDK9NhVyTO8/p4+MTDK/9/PNh5dW6
qHeX7Owsl2Y3LC+v9ffYhb+33vrb35zXLJmZGS7dJVNRbvw9W8DpSpN4oi8n4GgFQkJC9Oi8+YbB
PetSc7AwVzXkREiSjmcbt7cGnU4Xg0Pce+t3zcGbXJGTc1z333+X7rr7fsPsMNXatWunrl0T1bVr
ombMPFcHDx7QP/7xd23auN5dTW6SujoCTubapqzMjDqfo28oV8INSQoKMn5r4Gi2pLpUVVUpLy9X
nTufHq29vsGmChsxNXRj9mkpqHe4gzdqtTlQH5CkadPspw8dPGSY3Uwa9RkzZrzXAw53n9Nba9V+
7bsc3MnVc4fG8Nbf/ua8ZnElHGqt3N2XE3C0Avfe96BdR5ibm6NNmzYoLe2oSktLFRgYqLi4eCUl
9VFUVHSD36OdT8OGa2lXew7sOp5/KykpadIjIbWfPXRFevox3XnHLZo8ZZqmTpmhnr2SnM7bnZjY
TX/+86N6++039dGH7ze6ne7kqCPgZA5u08ipE12Zn95un9p9S33v3QandaTe4W7NUqvNhPrA6DHj
3HKc6OgYDR48tM5HWzzN0+f0jgbbdxtP9gktpL/xxjVLW+HOvpyAw+SGDBlmN/jNunVr9MzTjzt9
xmvw4KG6548PNOjOh9qzoNSnc2fjoJ2FRadTydqJ6r59e3XvH29v0PHdZfGir7V40dcKCemgQSmD
1bdvf/Xp00/dunU3/BFo166drr76Oh1KPagNG9Z5pa211ewIYmPj9Okn/+NkDs2q9gC8oaEN6yfa
tWunDh07GtY5m9WoraPe0RStvVapj7Zr4KDBinFhoHxXTZo8zWsBhyfO6WtfjDe09tu6lnTN0ha4
qy8n4DC5moN+SaduD3vu2SfrHHRz06YNhudoXdGrV5IsFn+Xng2T7Kcsqjl108+1Rk/u2jVRfn5+
Dqfyai4FBflasXypVvwyuE9MTKzmzr1cE8+abAs6fHx8dNHsS1pMwCGd7gjat7coNzeHkzk0q9TU
g4bl2Ng4RUVF1zvbUrWRo8bY3Tm1d+9ut7WvtaHe0VhtoVapj7ZpypRphuXKysoGjQ3TuXO44Uu8
oUOHKyAgUCUlxW5ro6s8cU5/+FCqYTkuLl4REZHKzMxoWmPbiJZ4zdLauaMvJ+AwuYjwCMPy3r27
VVRUVOc+w4ef2eBxOIKCgjVjxtn6uNaUR46MGDHKLk3/aduPtp83blynqqoqW3AQHBysKVNn6Msv
XBvVOTl5kFsG/hw5crTWrFnlcPqotLSjeuGFp1VcXKSzzznftr5Hj55Nfl93y831zGBRQH1qDzzo
6+ur886/UH97/a8u7T9jxjmG5YyMdB2qdTIGI+odjdFWapX6aFsCAgI0dKgxFNi27Uf96f67XT7G
hAln6fY7/mhbDgwM1KTJU/X5Zx/Xu2/79g2/jKrr/NsT5/QbN643nHP7+vrqnHPP11tv/q3etoaH
R2jM2PH66svPXJ6tsLVpKdcs7tCYz6u3NLUvb/hDmGhRimslzK7cmXHhRRc36r0uvewqdU3sVuc2
ISEddMNvf2dYV1JSou9XnB4AMSsrS9u3G+edvvzyqxQREVlvG849b5bmPfaUXvrL65o8eVqDnyW0
BgVp9pxL9Prf/ql773uw3n+LH3/calj29/eXbwPvfgFaq7y8PG39YbNh3cyZ52ro0OH17nvBrNlK
TjbOCb9y5XK3tg/AKdQqWqOJZ02xm4pzxYr6p9k0bP/9crvBMcfXmnK2Wu1vkjt06KiQkLoH2y2v
MO4TFR3jZEvPnNMfP56tbTW+ZJSkc865QL379K332DfdfJuuvfZ6vfHmv3T99Tc3agw/s/PmNUtT
Ofq8BgcHO9m6dSHgaAH8/QMUHR3j8n8dO3ay7XvsmPH20qSk3oqLi3f6Xr+5/ib17du/Ue20Wq2a
N2++Bg8e6vD17t176OlnFig8PNywfunSJXbP/1Y/X1WtQ4eOenTe/DrvkLjwoot17bXXSzp1i9it
t92h3954S4N+h8cee1pXXXWton/5A3PppVdq4sTJTrdPHmg8qcvLy23QdLlAa/f+++/q5MmTtmVf
X1/dfc+f7L7xrebj46Mrr7xGv/rVrw3rCwoK9NGH//VoW4G2jFpFa1M7iCgpKdaypd826BiVFRVa
v36NYV1SUh8lJHSx2zan1oyCPj4+uuaa3xjWRUZGGZZrj1UzbNgIw7mu1WpVt27dJXnunP6jD983
3K3cvn17PfDAoxo5crTD7S0Wf91zz59sAWhISIjOOfd8XXXVtfW+V2vkrWuWpnL0eb3q6usM6/r0
6decTWo2fBXdApw1aYrOmjTF5e3Xr1+rRx95QJK09LvFmjPnEtuI6BaLvx6dN18L335LS5cusXVo
AwemaM7Fl9p9C9NQHTt20oMPPabt237S5s0blZWdqdDQMPXrN0ApKUPsntHNzs7S2/98w+HvsGLF
Mo0de3qO8tjYOD05/3lt3LheG9avVXr6MQUFBSkuLkHjJ5ylrl0TDcfIOX5c//7X2w1q/1dffqab
f/d727LFYtHv/3CXJkycpBXLl+rwL8/axccnaPTosRpS69utLVs2Nej9gNZu+/af9OWXn+nss8+z
rQsICNCNN92qc8+bpXVrVyst7aja+foqPj5BZ545yuE3H2+//Yby8ri9HPAUahWtSUxMrN3F2aZN
Gxr1KMWypd/qrLNOn4f7+Pho2rSZ+vvfXzVst3XrFsOjXpI0eco0JScPUnrGMUWER2rX7h169pkn
ba/v3r1D/fqdDiECAgL05PzndSj1oCoqK9SlS6K++OITHTiw32Pn9Bs2rNP3K5Zp7LgJtnUhISG6
974HtWvXDm3auEEZGemyBgUpIaGLRo8ea3dnSkFBgf7p4Hy+LfDWNUtTOfq8Tp9+tlJShigjI10R
4ZEKCg7S5ZfNbtZ2NQcCDpM7cuRnLVv2reEuhPDwCP3h9rt1y623Kzc3VyEhIfL397e9np2dpcDA
QFmtQY4O6dC2bT+pZ8+eslj85ePjo379B6hf/wF17lNSUqLnnp3vdDqlBS88o+joaPXsmWRbZ7FY
NHLkaKepcrXi4mItWPBMg0+yvv76Cw0ePFQjR42xrfPx8VFKyhClpAypc9+CggK9s/AfDXo/oC34
2+t/VUx0jAYPGWZYHx+foPj4hHr3/+Tjj/T1V194qnkAfkGtorWYNv1su1v+ly37rlHH2rx5ozIy
0g13X4waPU5vvPGa4c6HvLw8rVmzUmPGjDfsHxkVpcioU/vu2r3D8Nrnn32is88+TxbL6fNwi8Wi
Hj172bXDk+f0CxY8q6joGPXqlWRYn5TUR0lJferct6ysTC8ueFYZGel1bteaeeOapamcfV6joqJt
jxvVfjyrteARlVbgpRef0/btP9mt9/PzU3h4uKEjzM/P0/wn5zV4DucD+/fpxQXPqayszKXt8/Jy
9dhjD+nHH39wuk1ZWanuv+9ubVi/tkFtycrK1J/uv7vR03g9/fTjWrlyRYP2yc/P0yMP/8nlEeeB
tuTkyZN65JEHtHjx1w4H7XWmvLxcCxe+ZfctGQDPoFbRWowZPc6wnJeXq7VrVjX6eGvXrjYsh4eH
a8SIkXbbvfLXl3TkyM8uHzcjI11v/P01w+NhdfHUOX1ZWan+dP9dWlfr96xPQUG+5j/5qNaubfy/
bWvgrWuWpmro57W1IOBoBSoqKnTfvXfqow/fdzqtVVVVlTZt2qC77rxNO3dub9T7LF/+ne679w7t
3r2rzrYsW/atbrv1Rv3gwuMcJSXFeuSRB7TghWdsj4c4U1paqiVLvtEdt9+iPXuct6E+FRUVmv/k
o3pxwbNKSzta57ZlZWX6dski3XLLDdq1a0ed2wJt2cmTJ/Xigmf16KN/1u5dO+u8eKqsrNSGDet0
z92/13/ff7cZWwmAWoXZDRkyzHbHRLW1a1e7HCI4snjRV3brzpo01W5dQUG+7rrzVn27ZJHKykrt
Xi8sLLRb9+WXn+nxxx7SwYMH7F6rqKhQzvHjhmVPndOXlJRo3rwH9fxzT9lNHV1bWVmpli49dT6/
voEX9a2VN65Zmqq+z2t2dpYXWuV5PmGdI12P8FuIcy+4UJKUn5enZd8t8XJrWpaAgACNGzdRXRO7
qVOnUFVUlOtYWprWrFmpAwf2u+19evfpq6FDhysyIkrt27dXwYkCHTywXytXrmjSLVi9eiVp4KDB
iomJldVqVXl5ufJyc7V//z6tWbOy3umyGqNnzyQNHjxEncMjFBwcfOo98/K0f/9erVm9yitzobdl
4ydOUoeOHSVJn/5f/dMSNwZ9iOfFxcVryNDhSkjooqCgIFVVnfpDm3rwgNasXWU4oUPbRb17H7Xa
clEfLZvF4q9+/forNDRMFRUVOnQoVQcP1n2uHRMTq27dzlBAYIAK8vO1Y8c2p3dgePqcvkePnho0
aIhiY+MUaLWqsrLi1Pnvvr1au3ZVg+/2bmu8cc3SFNWf106dQlVRWaHDhw7V+3k1K8bgaGVKSkr0
zTdfevx9du7Yrp07GncnSF12795V5x0inrBnzy6vpqtAa3TkyM9t8rZIwGyoVaBxyspKtXnzxgbt
k5Z2tN67h6t5+px+79492rt3j8eO39p545qlKRrzeTUrHlEBAAAAAACmR8ABAAAAAABMj4ADAAAA
AACYHgEHAAAAAAAwPQIOAAAAAABgegQcAAAAAADA9Ag4AAAAAACA6RFwAAAAAAAA0zNlwFFRUSFJ
8vPz83JLALhbdV1X17kn0IcALQP1DjhHfQBAw5ky4CgtLZUk+QcEeLklANytuq6r69wT6EOAloF6
B5yjPgCg4UwZcBQVFkqSfH19ZbVavdwaAO5itVrl6+sr6XSdewJ9COB91DvgHPUBAI1jyoCjID/P
9nPHTqFebAkAd6pZzzXr3N3oQwDvo94B56gPAGgcUwYcOTk5tp87h4d7sSUA3KlmPdesc3ejDwG8
j3oHnKM+AKBxTBlwZGVm2n6Oior2YksAuFPNeq5Z5+5GHwJ4H/UOOEd9AEDjmDLgKCsrVWZGhiTJ
GhSkiMgoL7cIQFNFREbJGhQkScrMyFBZmecGVaMPAbyLegecoz4AoPFMGXBI0pGfD9t+7pqY6MWW
AHCHmnVcs749hT4E8B7qHXCO+gCAxjNtwHH4UKpKS0okSTGxcQoNC/NyiwA0VmhYmGJi4yRJpSUl
Onwo1ePvSR8CeAf1DjhHfQBA05g24JCk/fv22n5O6t3Hiy0B0BQ167dmspCqNAAAIABJREFUXXsa
fQjQ/Kh3wDnqAwCaxtQBx949u1X4y/zdEZFR6tb9DC+3CEBDdet+hu2Z38LCQu3ds7vZ3ps+BGhe
1DvgHPUBAE1n6oBDknZu32b7uX/yQG6rA0wkNCxM/ZMH2pZr1nNzoQ8Bmgf1DjhHfQCAe/gGWoMe
8nYjmqKgIF8BAQHq1ClUkhQeHqH0Y2kqLy/3cssA1MVqtWr4iJFqb7FIklIPHmjWb6uq0YcAnke9
A85RHwDgPqYPOCQp/dgxRUZGKjDQqvYWi8LDI5SZkU6HDLRQVqtVw0aMVHBIiCQp53i21q9d47X2
0IcAnkO9A85RHwDgXq0i4JCkzMxMRUXHyGKxyD8gQNHRMcrNzVFJcbG3mwaghtCwMA2vcTJXWFio
dWtXq8LLJ0/0IYD7Ue+Ac9QHALhfqwk4KsrLlZWZqYioKFksFrW3WNSla6LKy8qUm5Pj7eYB0KkB
1IYOP9N2G25hYaHWr1mtwsITXm4ZfQjgbtQ74Bz1AQCe0WoCDkkqKyvVsWNpCg0NVWCgVZIUGRWt
sLAwFRYWkjwDXhIaFqZBKYMNo7LnHM/WurUt42SuGn0I0HTUO+Ac9QEAnuUT1jmyytuN8ITkQSnq
mtjNsC7t6BGlHjyozIx0L7UKaFsiIqPUNTFRMbFxhvWpBw9o65bNXmqVa+hDgIah3gHnqA8AaB6t
NuCQpNi4ePXu209BQUGG9UWFhUpPP6bsrCzl5eaoqKjISy0EWher1aqOnULVOTxcUVHRstaqvcLC
Qu3cvk1Hj/zspRY2DH0I4Bz1DjhHfQCAd7TqgKNaj5691P2MHvIPCHD4emVlpUpLSlRRUdHMLQNa
Bz8/P/kHBMjX19fh66UlJdq/b69Xpr1zB/oQ4DTqnXqHc9QH9QHAu9pEwFEtoUtXxcUnKCIy0ttN
AdqEzIwMHfn5sA4fSvV2U9yCPgRwjnoHnKM+AKB5tKmAo5rF4q/wiAiFhoYqpENHWYOC5O/vLz8/
P283DTCliooKlZaWqqiwUAX5ecrJyVFWZqbKykq93TSPoA9BW0a9U+9wjvqgPgB4V5sMOAAAAAAA
QOvSztsNAAAAAAAAaCoCDgAAAAAAYHoEHAAAAAAAwPQIOAAAAAAAgOkRcAAAAAAAANMj4AAAAAAA
AKZHwAEAAAAAAEyPgAMAAAAAAJgeAQcAAAAAADA9Ag4AAAAAAGB6BBwAAAAAAMD0CDgAAAAAAIDp
EXAAAAAAAADTI+AAAAAAAACmR8ABAAAAAABMj4ADAAAAAACYHgEHAAAAAAAwPQIOAAAAAABgegQc
AAAAAADA9Ag4AAAAAACA6RFwAAAAAAAA0yPgAAAAAAAApkfAAQAAAAAATI+AAwAAAAAAmB4BBwAA
AAAAMD0CDgAAAAAAYHoEHAAAAAAAwPQIOAAAAAAAgOkRcAAAAAAAANMj4AAAAAAAAKZHwAEAAAAA
AEyPgAMAAAAAAJgeAQcAAAAAADA9Ag4AAAAAAGB6BBwAAAAAAMD0CDgAAAAAAIDpEXAAAAAAAADT
I+AAAAAAAACmR8ABAAAAAABMj4ADAAAAAACYHgEHAAAAAAAwPQIOAAAAAABgegQcAAAAAADA9Ag4
AAAAAACA6RFwAAAAAAAA0yPgAAAAAAAApkfAAQAAAAAATI+AAwAAAAAAmB4BBwAAAAAAMD0CDgAA
AAAAYHoEHAAAAAAAwPQIOAAAAAAAgOkRcAAAAAAAANMj4AAAAAAAAKZHwAEAAAAAAEyPgAMAAAAA
AJgeAQcAAAAAADA9Ag4AAAAAAGB6BBwAAAAAAMD0CDgAAAAAAIDpEXAAAAAAAADTI+AAAAAAAACm
R8ABAAAAAABMj4ADAAAAAACYHgEHAAAAAAAwPQIOAAAAAABgegQcAAAAAADA9Ag4AAAAAACA6RFw
AAAAAAAA0yPgAAAAAAAApkfAAQAAAAAATI+AAwAAAAAAmB4BBwAAAAAAMD0CDgAAAAAAYHoEHAAA
AAAAwPQIOAAAAAAAgOkRcAAAAAAAANMj4AAAAAAAAKZHwAEAAAAAAEyPgAMAAAAAAJgeAQcAAAAA
ADA9Ag4AAAAAAGB6BBwAAAAAAMD0CDgAAAAAAIDpEXAAAAAAAADTI+AAAAAAAACmR8ABAAAAAABM
j4ADAAAAAACYHgEHAAAAAAAwPQIOAAAAAABgegQcAAAAAADA9Ag4AAAAAACA6RFwAAAAAAAA0yPg
AAAAAAAApkfAAQAAAAAATI+AAwAAAAAAmB4BBwAAAAAAMD0CDgAAAAAAYHoEHAAAAAAAwPQIOAAA
AAAAgOkRcAAAAAAAANMj4AAAAAAAAKZHwAEAAAAAAEyPgAMAAAAAAJgeAQcAAAAAADA9Ag4AAAAA
AGB6BBwAAAAAAMD0CDgAAAAAAIDpEXAAAAAAAADTI+AAAAAAAACmR8ABAAAAAABMj4ADAAAAAACY
HgEHAAAAAAAwPQIOAAAAAABgegQcAAAAAADA9Ag4AAAAAACA6RFwAAAAAAAA0yPgAAAAAAAApkfA
AQAAAAAATI+AAwAAAAAAmB4BBwAAAAAAMD0CDgAAAAAAYHoEHAAAAAAAwPQIOAAAAAAAgOkRcAAA
AAAAANMj4AAAAAAAAKZHwAEAAAAAAEyPgAMA8P/s3Xlw3vV94PGP9OiW5UO2ZfnEF5iAwdjEHDaX
A5QckIuUlCSbHQikmbZp02k7m+2xuzO7s51tZ9JJJ+22KQ1NmqtNU9qEIymYsAk3DeYqtrmCb7CM
bcCWbz37h21ZjyTbj2zJ4vPo9ZoJ+PfT7/np6yeJLL39/X5/AACQnsABAAAApCdwAAAAAOkJHAAA
AEB6AgcAAACQnsABAAAApCdwAAAAAOkJHAAAAEB6AgcAAACQnsABAAAApCdwAAAAAOkJHAAAAEB6
AgcAAACQnsABAAAApCdwAAAAAOkJHAAAAEB6AgcAAACQnsABAAAApCdwAAAAAOkJHAAAAEB6AgcA
AACQnsABAAAApCdwAAAAAOkJHAAAAEB6AgcAAACQnsABAAAApCdwAAAAAOkJHAAAAEB6AgcAAACQ
nsABAAAApCdwAAAAAOkJHAAAAEB6AgcAAACQnsABAAAApCdwAAAAAOkJHAAAAEB6AgcAAACQnsAB
AAAApCdwAAAAAOkJHAAAAEB6AgcAAACQnsABAAAApCdwAAAAAOkJHAAAAEB6AgcAAACQnsABAAAA
pCdwAAAAAOkJHAAAAEB6AgcAAACQnsABAAAApCdwAAAAAOkJHAAAAEB6AgcAAACQnsABAAAApCdw
AAAAAOkJHAAAAEB6AgcAAACQnsABAAAApCdwAAAAAOkJHAAAAEB6AgcAAACQnsABAAAApCdwAAAA
AOkJHAAAAEB6AgcAAACQnsABAAAApCdwAAAAAOkJHAAAAEB6AgcAAACQnsABAAAApCdwAAAAAOkJ
HAAAAEB6AgcAAACQnsABAAAApCdwAAAAAOkJHAAAAEB6AgcAAACQnsABAAAApCdwAAAAAOkJHAAA
AEB6AgcAAACQnsABAAAApCdwAAAAAOkJHAAAAEB6AgcAAACQnsABAAAApCdwAAAAAOkJHAAAAEB6
AgcAAACQnsABAAAApCdwAAAAAOkJHAAAAEB6AgcAAACQnsABAAAApCdwAAAAAOkJHAAAAEB6AgcA
AACQnsABAAAApCdwAAAAAOkJHAAAAEB6AgcAAACQnsABAAAApCdwAAAAAOkJHAAAAEB6AgcAAACQ
nsABAAAApCdwAAAAAOkJHAAAAEB6AgcAAACQnsABAAAApCdwAAAAAOkJHAAAAEB6AgcAAACQnsAB
AAAApCdwAAAAAOkJHAAAAEB6AgcAAACQnsABAAAApCdwAAAAAOkJHAAAAEB6AgcAAACQnsABAAAA
pCdwAAAAAOkJHAAAAEB6AgcAAACQnsABAAAApCdwAAAAAOkJHAAAAEB6AgcAAACQnsABAAAApCdw
AAAAAOkJHAAAAEB6AgcAAACQnsABAAAApCdwAAAAAOkJHAAAAEB6AgcAAACQnsABAAAApCdwAAAA
AOkJHAAAAEB6AgcAAACQnsABAAAApCdwAAAAAOkJHAAAAEB6AgcAAACQnsABAAAApCdwAAAAAOkJ
HAAAAEB6AgcAAACQnsABAAAApCdwAAAAAOkJHAAAAEB6AgcAAACQnsABAAAApCdwAAAAAOkJHAAA
AEB6AgcAAACQnsABAAAApCdwAAAAAOkJHAAAAEB6AgcAAACQnsABAAAApCdwAAAAAOkJHAAAAEB6
AgcAAACQnsABAAAApCdwAAAAAOkJHAAAAEB6AgcAAACQnsABAAAApCdwAAAAAOkJHAAAAEB6AgcA
AACQnsABAAAApCdwAAAAAOkJHAAAAEB6AgcAAACQnsABAAAApCdwAAAAAOkJHAAAAEB6AgcAAACQ
nsABAAAApCdwAAAAAOkJHAAAAEB6AgcAAACQnsABAAAApCdwAAAAAOkJHAAAAEB6AgcAAACQnsAB
AAAApCdwAAAAAOkJHAAAAEB6AgcAAACQnsABAAAApCdwAAAAAOkJHAAAAEB6AgcAAACQnsABAAAA
pCdwAAAAAOkJHAAAAEB6AgcAAACQnsABAAAApCdwAAAAAOkJHAAAAEB6AgcAAACQnsABAAAApCdw
AAAAAOkJHAAAAEB6AgcAAACQnsABAAAApCdwAAAAAOkJHAAAAEB6AgcAAACQnsABAAAApCdwAAAA
AOkJHAAAAEB6AgcAAACQnsABAAAApCdwAAAAAOkJHAAAAEB6AgcAAACQnsABAAAApCdwAAAAAOkJ
HAAAAEB6AgcAAACQnsABAAAApCdwAAAAAOkJHAAAAEB6AgcAAACQnsABAAAApCdwAAAAAOkJHAAA
AEB6AgcAAACQnsABAAAApCdwAAAAAOkJHAAAAEB6AgcAAACQnsABAAAApCdwAAAAAOkJHAAAAEB6
AgcAAACQnsABAAAApCdwAAAAAOkJHAAAAEB6AgcAAACQnsABAAAApCdwAAAAAOkJHAAAAEB6AgcA
AACQnsABAAAApCdwAAAAAOkJHAAAAEB6AgcAAACQnsABAAAApCdwAAAAAOkJHAAAAEB6AgcAAACQ
nsABAAAApCdwAAAAAOkJHAAAAEB6AgcAAACQnsABAAAApCdwAAAAAOkJHAAAAEB6AgcAAACQnsAB
AAAApCdwAAAAAOkJHAAAAEB6AgcAAACQnsABAAAApCdwAAAAAOkJHAAAAEB6AgcAAACQnsABAAAA
pCdwAAAAAOkJHAAAAEB6AgcAAACQnsABAAAApCdwAAAAAOkJHAAAAEB6AgcAAACQnsABAAAApCdw
AAAAAOkJHAAAAEB6AgcAAACQnsABAAAApCdwAAAAAOkJHAAAAEB6AgcAAACQnsABAAAApCdwAAAA
AOkJHAAAAEB6AgcAAACQnsABAAAApCdwAAAAAOkJHAAAAEB6AgcAAACQnsABAAAApCdwAAAAAOkJ
HAAAAEB6AgcAAACQnsABAAAApCdwAAAAAOkJHAAAAEB6AgcAAACQnsABAAAApCdwAAAAAOkJHAAA
AEB6AgcAAACQnsABAAAApCdwAAAAAOkJHAAAAEB6AgcAAACQnsABAAAApCdwAAAAAOkJHAAAAEB6
AgcAAACQnsABAAAApCdwAAAAAOkJHAAAAEB6AgcAAACQnsABAAAApCdwAAAAAOkJHAAAAEB6AgcA
AACQnsABAAAApCdwAAAAAOkJHAAAAEB6AgcAAACQnsABAAAApCdwAAAAAOkJHAAAAEB6AgcAAACQ
nsABAAAApCdwAAAAAOkJHAAAAEB6AgcAAACQnsABAAAApCdwAAAAAOkJHAAAAEB6AgcAAACQnsAB
AAAApCdwAAAAAOkJHAAAAEB6AgcAAACQnsABAAAApCdwAAAAAOkJHAAAAEB6AgcAAACQnsABAAAA
pCdwAAAAAOkJHAAAAEB6AgcAAACQnsABAAAApCdwAAAAAOkJHAAAAEB6AgcAAACQnsABAAAApCdw
AAAAAOkJHAAAAEB6AgcAAACQnsABAAAApCdwAAAAAOkJHAAAAEB6AgcAAACQnsABAAAApCdwAAAA
AOkJHAAAAEB6AgcAAACQnsABAAAApCdwAAAAAOkJHAAAAEB6AgcAAACQnsABAAAApCdwAAAAAOkJ
HAAAAEB6AgcAAACQnsABAAAApCdwAAAAAOkJHAAAAEB6AgcAAACQnsABAAAApCdwAAAAAOkJHAAA
AEB6AgcAAACQnsABAAAApCdwAAAAAOkJHAAAAEB6AgcAAACQnsABAAAApCdwAAAAAOkJHAAAAEB6
AgcAAACQnsABAAAApCdwAAAAAOkJHAAAAEB6AgcAAACQnsABAAAApCdwAAAAAOkJHAAAAEB6AgcA
AACQnsABAAAApCdwAAAAAOkJHAAAAEB6AgcAAACQnsABAAAApCdwAAAAAOkJHAAAAEB6AgcAAACQ
nsABAAAApCdwAAAAAOkJHAAAAEB6AgcAAACQnsABAAAApCdwAAAAAOkJHAAAAEB6AgcAAACQnsAB
AAAApCdwAAAAAOkJHAAAAEB6AgcAAACQnsABAAAApCdwAAAAAOkJHAAAAEB6AgcAAACQnsABAAAA
pCdwAAAAAOkJHAAAAEB6AgcAAACQnsABAAAApCdwAAAAAOkJHAAAAEB6AgcAAACQnsABAAAApCdw
AAAAAOkJHAAAAEB6AgcAAACQnsABAAAApCdwAAAAAOkJHAAAAEB6AgcAAACQnsABAAAApCdwAAAA
AOkJHAAAAEB6AgcAAACQnsABAAAApCdwAAAAAOkJHAAAAEB6AgcAAACQnsABAAAApCdwAAAAAOkJ
HAAAAEB6AgcAAACQnsABAAAApCdwAAAAAOkJHAAAAEB6AgcAAACQnsABAAAApCdwAAAAAOkJHAAA
AEB6AgcAAACQnsABAAAApCdwAAAAAOkJHAAAAEB6AgcAAACQnsABAAAApCdwAAAAAOkJHAAAAEB6
AgcAAACQnsABAAAApCdwAAAAAOkJHAAAAEB6AgcAAACQnsABAAAApCdwAAAAAOkJHAAAAEB6AgcA
AACQnsABAAAApCdwAAAAAOkJHAAAAEB6AgcAAACQnsABAAAApCdwAAAAAOkJHAAAAEB6AgcAAACQ
nsABAAAApCdwAAAAAOkJHAAAAEB6AgcAAACQnsABAAAApCdwAAAAAOkJHAAAAEB6AgcAAACQnsAB
AAAApCdwAAAAAOkJHAAAAEB6AgcAAACQnsABAAAApCdwAAAAAOkJHAAAAEB6AgcAAACQnsABAAAA
pCdwAAAAAOkJHAAAAEB6AgcAAACQnsABAAAApCdwAAAAAOkJHAAAAEB6AgcAAACQnsABAAAApCdw
AAAAAOkJHAAAAEB6AgcAAACQnsABAAAApCdwAAAAAOkJHAAAAEB6AgcAAACQnsABAAAApCdwAAAA
AOkJHAAAAEB6AgcAAACQnsABAAAApCdwAAAAAOkJHAAAAEB6AgcAAACQnsABAAAApCdwAAAAAOkJ
HAAAAEB6AgcAAACQnsABAAAApCdwAAAAAOkJHAAAAEB6AgcAAACQnsABAAAApCdwAAAAAOkJHAAA
AEB6AgcAAACQnsABAAAApCdwAAAAAOkJHAAAAEB6AgcAAACQnsABAAAApCdwAAAAAOkJHAAAAEB6
AgcAAACQnsABAAAApCdwAAAAAOkJHAAAAEB6AgcAAACQnsABAAAApCdwAAAAAOkJHAAAAEB6AgcA
AACQnsABAAAApCdwAAAAAOkJHAAAAEB6AgcAAACQnsABAAAApCdwAAAAAOkJHAAAAEB6AgcAAACQ
nsABAAAApCdwAAAAAOkJHAAAAEB6AgcAAACQnsABAAAApCdwAAAAAOkJHAAAAEB6AgcAAACQnsAB
AAAApCdwAAAAAOkJHAAAAEB6AgcAAACQnsABAAAApCdwAAAAAOkJHAAAAEB6AgcAAACQnsABAAAA
pCdwAAAAAOkJHAAAAEB6AgcAAACQnsABAAAApCdwAAAAAOkJHAAAAEB6AgcAAACQnsABAAAApCdw
AAAAAOkJHAAAAEB6AgcAAACQnsABAAAApCdwAAAAAOkJHAAAAEB6AgcAAACQnsABAAAApCdwAAAA
AOkJHAAAAEB6AgcAAACQnsABAAAApCdwAAAAAOkJHAAAAEB6AgcAAACQnsABAAAApCdwAAAAAOkJ
HAAAAEB6AgcAAACQnsABAAAApCdwAAAAAOkJHAAAAEB6AgcAAACQnsABAAAApCdwAAAAAOkJHAAA
AEB6AgcAAACQnsABAAAApCdwAAAAAOkJHAAAAEB6AgcAAACQnsABAAAApCdwAAAAAOkJHAAAAEB6
AgcAAACQnsABAAAApCdwAAAAAOkJHAAAAEB6NcM9AAAARqricA8AoExVwz0AyiBwAABwChT7/FLe
ALKoOvwVq6r0LO8sAgcAAEPkSMnoGTMam1qioWlU1Dc0R119Y9TVNURNbV0UCjVRXShEVZVV1MDw
KBa7ouvAgThwYH/s37c39u7dHXv37Io9u3fG7s4dsavz7e5rq6LYo3GIHe8EVa3j28RzAAAGSd+o
0dwyNkaNbo1RLeOiadQYAQNIq1jsis4db8aOt7fFjre2xs63t0fEobwhdgw7gQMAgEFQLIkao0a3
xpjWthgzti1qauuGdWQAQ2X/vr3x5vbN8ebWzbHjra0R0TN2CB2nmsABAMBJOBI2CoWaaJ04NVon
Ton6hubhHhjAKbVn987Y2rExtnZsiAMH9gsdw0DgAADgBBwJG7V19TFh0oyYMGm65SfAiFcsdsWW
19fFltfXxr69e4SOU0jgAABggIpRLEZUVxeibcqsaJs8c7gHBPCOtHnTq7F54y+iq+tAVIkcQ07g
AACgTEdmbbROnBrtU+fYXwPgOPbv2xuvbXgptnZsNJtjiAkcAACU4eCsjfqGppg8/YwYPXbCcA8I
IJW3tm+JTetWx57du8zmGCICBwAAx1A6a2PqafPsswFwgorFrtiwZlVs7dhwaCJHVQgdg0fgAADg
KI7Ejakzz4zxE6cN94AAKsIbHetjw6srey1ZETpOVs1wDwAAgHeig0tSauvqY8bs+dHcMm64BwRQ
McZPnBYN9c2x9pVnY9++PVFV1XPegdBxoszgAACgl4Nxo7GpJU6be27U1TcO94AAKtLePbtizUtP
x66db8fB1X+H44bIcSIsoAQAoIeDcaO5ZWzMnrdI3AAYQnX1jTF73vnR1DIuil0RUTw8/6B46D8M
hMABAMAhR+LGrNMXRqGmdrgHBFDxCjW1MfuMhdHUMi66ihHFYrFH2xA5BkLgAAAgei5LmTl3QVQX
CsM9IIARo7pQiFmnL4jG5pY42DeKRyZzmM1RNoEDAGDEO/i3hbV19XHa3HPN3AAYBoWa2pg5d0HU
1tUf6hmHIofZHGUTOAAARrpDs6FnzJ5vzw2AYVRX3xgzZp9zuG9E979EjrIIHAAAI1oxihExdeaZ
HgUL8A4wavS4mDbzXYdSxpF/FkWO4xI4AABGrIPTn1snTonxE6cN92AAOGR827QYP3HqoahxJGiI
HMcmcAAAjFTFiPqGxph62pnDPRIAepk688yob2jq0zKO7Mth89HeBA4AgBGpGMUoxuTp86KqyreE
AO80VVXVMWXGvJKlKocV+54iBA4AgBGoGMViMVonTo3RYycM92AAOIrRYyf0u1Sl+0jpKCFwAACM
NMViVFcXon3q3OEeCQDH0T5tblRXF/rtGMV+fjWSCRwAACPKwaemtE2eFTW1dcM9GACOo6a2LiZN
mdXvUpUIG4/2JHAAAIwYxYhiMWrr6qNtyqzhHgwAZWqbMitq6+qP2jBEjoMEDgCAEeHgbvvFiJgw
6bThHgwAAzSx/bSjzuIoPT1yI4fAAQAwUhQjCtU1MWHS9OEeCQADNGHS9CgUao7dN0Z45BA4AAAq
3qHZG8WI1rZpHgsLkFBVVXWMb5t2zFkcI/2hKv50AwCoaIe+FS4e/FXrhCnDOxwATlg5X8NH8pNV
BA4AgEp3cAJHjBrdGvWNzcM9GgBOUH1jc4wa3Xr8djFCl6oIHAAAFevwROaDm4uObZ00vMMB4KSN
bZ107M1GY+QuVRE4AAAqUrHkXxERY8a1Dc9QABg05X4tH4lLVQQOAIBKVTzyt3jNLeOiprZuuEcE
wEmqqa2L5pZx5XWLkdM2IkLgAACoQMWSfxYjomV06zCOB4DB1DK69bjLVEo/OjJKh8ABAFCJen0v
29wybnjGAcCgG9DX9JHRNiJC4AAAqDD9/51ec8uYUz8UAIbEQL6mj6RZHAIHAEClKZb+urG5Jaqq
fNsHUCmqqqqjsbml/GZR+W0jIgQOAIAK0v/sjYbGllM/FACG1EC+to+UWRwCBwBAJSmWHhQjoqGh
aZgGA8BQaWhoKmuj0W6V3TYiQuAAAKh4dQIHQMWpa2gc0PUjYRaHwAEAUBGO/vd4tXX1p3YoAAy5
2rqGgb+octtGRAgcAACV4yjfuNbWChwAlaa2ti4GWiwqvG8IHAAA+R17FXahUHPqhgLAKVEo1J7E
qyszdQgcAAAVrrpQGO4hADDIjnxtH2CsqMy2ERECBwBAZTjGN6xVVb7lA6g0pV/bK7haDIA/7QAA
KoBvbQEoRyU/TUXgAABIrfK+QQWAEyFwAAAAQEbF6NG5BxC8K7SNCxwAANlV6DeqAAyNSv1jQ+AA
AACAEamyUofAAQCQVrHHPwEYaUpWqHSfGbkEDgAAAMjsRLpGBbYQgQMAAABIr2a4BwAAwEmowL+B
qwTnnbcoZkyfERERq1evitUvrBrmEQFUPoEDAAAGybx5Z8ZNN90SE8ZPKDm/5Y0tcfvtt8Xq1UIH
wFCxRAUAAAbB0iWXxO/97hf7xI2IiAnjJ8Tv/e4XY+mSS4ZhZAACob98AAAgAElEQVR9VeIEQIED
AABO0tIll8RNN91y3OtuuukWkQMYdJUYK06EwAEAACeh3LhxmMgBDK2B5o7KySMCBwAAnKCBxo3D
RA6AwSdwAAAkVjl/75bPicaNw2666ZaYfuhJKwCcPIEDAAAG6GTjxmE3D8I9ADhI4AAAgAEYrLgR
ETF9+oyYN+/MQbkXwEgncAAAQJkGM24cNsMyFYBBUTPcAwAAgAyGIm5UstPnnhFz554erePHR0N9
fXR1dcXOzp3RsbkjVq1eGZs2bRzuIQIVRuAAAIDjGMq4sXbd2iG573BobGyMD7z/urjgggujtXX8
Ua8rFouxadPGeOzxR+NHP7o7Dhw4cApHCVQqgQMAAI5hKOPGunXrYvXqVUNy71PtssuuiOuu/WCM
G9d63GurqqpiypSp8ZEPXx8XX7Q0/vUHd8QTTzx2CkYJVDKBAwAAjmKol6V87fa/GbJ7n0ofu/6G
uOaa90VVVdWAX9ve3h633vKrMXr06Fi+/N4hGB0wUggcAADQj+PFjYcffjAiIpYsueSE7n/77bfF
ugpYnnLjr3wyrrzy6n4/tnXrG7Fh44bYuWNH1NXXR0tLS8yYPiPq6xtKrquuro6P33BjFIvFuP/+
+07FsIEKJHAAAEAv5cSNr91+W/fxQCPH7bffFg8dCiSZLV58YSxbdmWf86+88nLcdfcP4+mnn+rz
saam5rjiimXx3mveF01Nzd3nq6ur46MfuT5WrXo+Nm60ASkwcIXGpub/MdyDAABg6LRPnTPcQ0hl
oHFjxVNPxoQJE2J6mY97rZS40dTUHL/5+S9EY2Njyfnly++N//tXX4nXX3+t39ft27cvXnzxhXhy
xZOx4NwFJZGjpqY2GhoaYsWKJ4d07FApXtvwchxcGVYVpSvEylsuduQ1A19e9k4kcAAAVDiBo3wD
jRuHlRs5KiVuRES8730fiAXnnldy7sEHfxrf/NY3ynr9zp074oUXX4iLLloSNTVHJpaPHTsufvzj
e8oex8SJbdHe3h7NTc2xd9/e2L9/f9mvLceoUaNiypSpURVVsXv37uNe39jYGNOmTY+6uvrYuXPn
oI6lrW1STJrUHoVCTXR2dg7afYfiPWxqao6pU6dFU1NT7NmzZ1CelFMoFGLy5MnR1jYpGhsborOz
M4rF4knfNzOBo5QlKgAAECceNw5bvXrVMZeqVFLcKBQKsXTJpSXnOjo64tvf+eaA7rN27Zp45NGH
44rLl3Wfa2lpiTPOmBcvvLD6qJ972RVXxqJF58f06TNKZpB0dXVFR8fmWLlqZdx//73HXeoyefKU
eO973999vH37trjjju9HRMSyK66MSy+9LKZNmx7V1dUREbFz58545pmn4u577opNm47ce+rUaXHl
lVfHgnMXxOjRY7o3W+3s3BmrVq2MH975g2Put3KscZxxxry4+qpr4owz5kVz85HZLm+//Xa8+NIL
8ZOfLI+VK58/5u+zt8F8D3s6b8HCuHjJ0jh97hkxevTo7vPFYjG2bOmIl19+Ke5bfm+8+uovyr5n
XV1dXHnl1bFo4fkxbdq0qK2t6/7Y/v37Y/Pm12PlyufjvuX3RkfH5rLvS2USOAAAGPFONm4c7/WV
FDciIs6Zf26MHz++5Nz9P7kv9u7dO+B7PfLIQ92BY9++fbF16xt9lr0cNn/+OXHjjZ+KSW2T+v14
dXV1TJrUHpMmtcfSJZfETx5YHt///veOOntg7NixsbRHlNq0aWPcc89d8au/+mtxzvxz+1zf3Nwc
F1+8NM4++5z4m9v+KlaufD4uumhJfOLGT5YstTmsqak5Fi16d5x55lnxN7f9VTz77DNlj+OOO74f
v/yxj8dVV/1SFAqFPq9paWmJRQvPj4XnLYpHH304/v6bXy/r/R/s9zDi4CyXm2+6Jc45Z0G/T9Kp
qqqKiRPbYuLEtli8+MK4//774h/+8TvHHeuCc8+LGz/xqZgwfkK/H6+pqYkpU6bGlClT45JLLo07
7/xh3POju457XyqXJSoAABXOEpVjEzcG7vLLl8WcOXO7j3fv3hW33fbXJ7S0Ydu2rbF9+7a450d3
x7e//fdx3/J7+92/47JLL4/PfOazMbpldD936atQKMScOXNj1szZ8eSKn/f7A/rEiRNjycVLu493
7Hg75s49Pc5bsPCY966vr48zzpgXW7ZsiVs+89k+T4Xprba2Ns6c96549LGHY8+ePWWNY3L75Lj6
6mu6Z48cTVVVVUyfPiPmzJkbT/z749HV1XXUa4fiPWxoaIgvfOF34swzzyrrMcHV1dUxZ87caGlp
OWrwOTzWm2++NUaNGlXWWGtqauKss86O+vr6eP75/yjrNZXAEpVSAgcAQIUTOI5O3Dgx1177wRjf
emQGxyuvvBL/76cPnPD91qxdE1u3bj3qfgrnzD83br751qitre3zsbfeeis6OjbHnj17o76+vk8Q
aGubFK2trf1uXNo7LBzebyPi4LKKzZtfjze2vhE1hZqoq6sreW1TU1MsWnR+yf4hHR0d0dGxOaqr
C1FfX19yfUNDQ+w/sD9WrVp53HE0NjbG7NlzuoNBsViMN9/cHh0dW+LAgf1RX9/QJyZMmDAxRo1q
iWeeebrP/SOG7j386Ec/Fu8+/4KSczt2vB1PPfVUPPvsM/GLV38RnZ07o3XcuJKZKKedNjNeeHF1
vPHGlj73PPvs+fGZfsa6cePGeO65Z+P555+LTa9tiuqqqhgzZkzJNXPmzI3XX3stNmzc0O/7UGkE
jlKWqAAAMCKJGydu3LjWkuPXjvLElMFQW1sbv/Irn+jzw+7LL78Ud971g5JZAOPGtcbVV/1SvOc9
V5WEh4suWhIrVjwZT674+TE/1+Fo0NGxOb7+jdu7Y0ShUIgPf+ij8d73vr8kLBz+HFu3bo1vfesb
8fQzRx6L+4H3Xxcf/OCHS36onz//3O69NY6l59iffe6ZuPuuO+PFl17oPjdt6rS45pr3x0UXXVwy
nksvuSweeeShePnll0ruN5Tv4aJF7y45XrVqZfzFX/557Nq1q+T8zJmz4nOf+/Xu5SbV1dVx4YUX
x+rVq0quKxQK8fEbPlGy18aePbvjO9/9Vjz44M/6vFeLF18Yn/rkp7v3J6mqqoprr/1QPP7EY32u
pfIde74TAABUIHHj5DT12iNj+7ZtQ/a5ll1xZUya1F5y7uc/fyL+5E//uM8Sh23btsY/fu+78ddf
/cvYt+/IfhRVVVXxvvd9oKzPt2vXrvjyn3+pZKbFgQMH4vv//L148sl/73P9nj274yt/8eWSuBER
cdfdP4xHH3uk5Fz7pP73vTian/70gfjyl79UEjciItZvWB9/+7Wvxj/f8U8l5wuFQlx11S/1uc9Q
voc9Z/JERPz4x/f0iRsREa+++ov44Q/+Jbq6uuKNN96IF198Id56880+111++bKYMmVK93GxWIzb
/var/caNiIgnnngsvvnNr5fM/pkyZUosWHBev9dT2QQOAABGFHHj5DU0lAaO/vaVGCyLF5cuf9iy
pSP+7utfO+amlytWPBnL719ecm7mzFkxc+as436+Rx55KF57rf8ZKf0t/3j8icdj7do1ZV1fX9/Q
Z6nL0WzYsD6+9e2/P+Y199xzV5/9Js4+a36fTUmH8j3ct29fyXH75MlHvedDDz8Yv/H5z8V/+eLv
xP/5k/8d//Kv/9znmgsvuKjk+MkVP+93aUxPT/z747Fmzasl5/rbJJbKJ3AAADBiiBtDoxj9751x
skaNGhXTp88oOffQQz/rd4ZAb3fffWfJU0WqqqqOu3loRPSZidHT1m1b+5x7/j+eO+r1/e0v0dzP
01b689DDDx4zQBz205+V7n3S1NQU73rXWd3HQ/0e9n4063XXfjCuuOI9R73nsZ700tTUHKedNrPk
3CMPP3TccUZEn2U57e1HDy1ULntwAAAwIogbg2f37t3R1NTUfdx7Q83BMmvW7JJ9IIrFYjz2eHl7
K3R27oxXXnk5zjzzXd3nJvdY+nA0mzZtOurH+gsOm3v9gH+866OMJ410dXXFE2X+PleseDI6O3eW
PKZ22tRp8dxzz0bE0L+Hjz/+WHzkI9O6j5uamuNTn/x0XHfth+LlV16KNWtejVdeeTleeGH1cYPN
7NmlY+3q6oqFi86PhYvOP+5Y2ya2lRyPHl3ek2KoLAIHAAAVT9wYXL0DR+9NRwfLhAkTS4737Nkd
mze/Xvbrt259o+R47Jixx31NZ+fOsu8fcewZCSeqs3NnbNte3r4mBw4ciDfffLMkcIzp8fsc6vfw
rrt/GHNPP73PkpAxY8bEooXnx6KF53d/3rXr1sbTTz8VDzxwf+zevbvP55o4oTRSVFdXx9Ill5Q9
1p76e1oMlc8SFQAAKpq4MfjefHN7yfGktoFtnlmuhvqGkuPOzuMvq+hpx44dJcfl7n8x3Do7O0/q
+p6/z1PxHn7lK1+O+5b/W+zZ0zdaHFZf3xCnzz0jPnb9DfG//ucfxwW99tqIOPgo3cHS1dU1aPci
DzM4AACoWOLG0Fizdk3MmjW7+3jGjNOirq7uhGczXHTRkti5c0e8/vrrJbMLei9p6Ll8oRy9fxgv
Z0+Ld4KamoHNPug9W6Hn7/NUvIcHDhyI73732/HjH90TS5deGnPnnh5TpkyNcePGlTzG9rCxY8fF
LZ/5bNTW1JT8/6f3vTs7O+PVV38xoPEe9voQPrqYdy6BAwCAiiRuDJ2XXnwhrrh8WfdxY2NjLF16
afzkJ8uP8ar+tbe3x2duvrX7B+H9+/fHN75xezz8yEPx9o63Sq5tamqKQqFQdqhoaWkpOe7cNbCZ
EcOlubm8jUgPa+p1fc8NRE/le7ht+7a4864fdB+PGzsuTj9jXsydMzcWLFgY48cfeaRsdXV1XH/9
DfHkip93j3fHjrdL7rd375740p/9aVnjhAhLVAAAqEDixtB6+pmn+vwweuV7ru7zeNJyXHrJ5SV/
y19dXR0rV62MiIh1a9eWXFtTUxMLFy4q+94zZpQ+kWPLlr5PNXknqq+vL/sxp+3t7TG+dXzJudd7
zIIZzvdw2/Zt8fjjj8a3v/PN+MM/+mI88kjpE1FGjx4dC3o8lWXd+nW9Pj4mJvbaPBSOReAAAKCi
iBtDb9euXfF4rydxtLe3x8dvuHFA92lvb4/LL7+i5NyGDetj26HHsa7fsD6299psc/G7Lyjr3vPn
nxMTJ5ZusPnii6sHNL7hdMEFF5Z13cUXLy0JRF1dXbHqUCCKODXv4cyZs+Lyy5d1byjan3379sXf
ff1rffZvmdzjca7r1q0t+Xh1dXUsuXhpWWNd/O4L4oILLhrUfTzIR+AAAKBiiBunzr33/VufJ2Es
W3ZlfOiDHynr9ePGtcav/9pvRkNDY8n5Bx/8acnx88//R8nxwoXnx3nnHXsGQqFQiI9df0PJuR07
3o4VK54sa2zvBIsXXxhnznvXMa9pa5sUy654T8m5devX9XnyyVC9hx/58PXxl3/x1fjDP/jv8Z8+
9Z/jox/95WPe88CBA302Le0962dljzgTcfB/U72fBNNbS0tLfOITn4rP3vq5+LMv/Xn8/n/9o5gx
47RjvobKJHAAAFARxI1Tq6Njc/zrD+4oOVdVVRXXXfeh+O0v/E7MnjWn39cVCoW47LIr4g9+/7/F
5MlTSj62YcP6WH7/fSXnlt9/X+zfv7/7uLq6Om6+6ZZYvLj/GQ4tLS3x21/43Zg2bXrJ+ccff6zf
R5O+U9XU1MStt34uzj57fr8fnz59Rvzm53+75PGwERGPPvpwn2uH6j3csHFDySak7e3t8elP33TU
39M555zb57/zzR2bS44feOD+kiegjBo1Kj7/G78V7e3t/d6zqak5fuPXfytaWkZHRERtbV20tbXF
pk0bjzoOKpdNRgEASE/cGB733vvjOH3u6bFo0btLzp999jlx1lnzY/369bFh4/rYuXNn1NXVxZjR
o2PWrNndP4z2tGfP7vjeP/1Dn/Nr1rwaDz70s5JNTZuamuKzt34urnzPVbFy5fOxddvWaGps+v/s
3Xl82/Wd7/u3LFm2ZcubvMpJnI04YUnIwp4NypJQCKFTCqUrlG4D05kz7ax32tP2tjN3Ts+9PdNO
SymBMJQyrGVtNvYtIZCdhMRZHDuO5S2W493WYt0/HMuWt3iR/LOk1/PRUkm/3/f7+0jIqvX2d5Gz
qEiLL1086Eu/2+3Wy6+8GKZnPXkyMjL019/7Wx0+/KmOHTuqs02NstvTNWvmLF1yyUIlJobucOJy
ufTmgIBIitxruHfvbtXW1ig/vy98WLlilYqLZ2rH9g/kqq5SZ0en8vLytHDhpVq8eLESEvr+xt7e
3q49e3aF9Hn8+DF99NGHuvLKq4OPFRVN0z//04+0Z88uHT12VG53gzIzszStaJquuuoaZWRkhPTx
1ltvyuv1nu/lRQwi4AAAAEBUI9ww1kO/f1D33fftQes6mEwmTZ8+XdOnTx+mZR+fz6fH//CYDh78
ZMjjTz/9pKYVTdPcuReE9D937gUhjw2lq6tT//X4xkFTI6aylpYW+f1+ZWZmKiEhQRdddPGwIzl6
dXV16g9PPDbs7iiReA29Xq/+9MLz+tY3vxMy1aR4RrGKzzNFJBAIaNPmV4f89/LHJ/+gadOmh4wg
sdlsWr58pZYvXzliv8eOHw3ZyQXxhSkqAAAAiFqEG8bz+/166KHf6s+bXlFX19ingNTV1ep3D/1W
O3d+OOw5Xq9Xv/r1/xk2ABlOc3Ozfv/w73To0NjaGa2726/H/uuRkO1eR9Le3q5HHn1Yx44dHfac
SL2Gu3d/rCee+C95vZ5R9xkIBPTnTa9oy5ZNQx7v6OjQf/zqlyo7eWJMtZ44cVwPPvifo94CF7HH
nGJL/bHRRQAAACByCoqGXgsh2hFuTC1HjhzW7t27ZE+zKycnRxbLyIPFz55t1DvvvK2Hfv9bVVWd
Pm//Xq9XH+7cobb2NuXn5Ss1NW2Ecz36eNdHenjDQzp5smzY83Jzcwft0rFp86sh61X053Dk6Jpr
VoQ89tZbbwzaMrdXRkZGyLQQqWdaT2dnaHAxsA6zOUEbNz6iQ4cOatq06crKygrZKaVXIBDQp58e
0oZHHlJp6ZFhn2evSLyGknTqVIUOHvxE2dnZys3JHbLW3norKsr1+OMb9e67b4/YZ2dnh7Zv/0Am
mVRQUKikpKRhz21padEbb7ymRzc+HFXrrIRDTdUJ9bzcJoW+7EP/Oxior83ozp/qTNmOvIDRRQAA
AGA8AgqM+Jtcz/FFl98wWQVNmsWLl+j+v/zesMcJN4xls6Vq4cJFKp5RrMysLCVZrfL7u9XZ2aH6
+nodP3Fs0M4eY3XRRZeoZF6JcnJylZSUJJ/fp5aWFp2uPKXde3appWXo0GEqWrDgQn3/b/8+5LG/
vP9b8nh6RkXMmTNXiy9doszMTKWk2NTV1anqapf27t2j06MIh4YTidcwKytbS5csU2FhodLS0pSQ
YFZrW6vcDWfGXa/ZbNbSpZdpzuw5yszKUqLFoq6uLp1talJ5eZn27Nkdt2tu7Nu5jYCjHwIOAACA
qBW/Ace6deu17tb1Qx4j3EC0GSrgeOCvvhN3oxEwdgQcoViDAwAAADGDcAMA4hcBBwAAAGLGSOEE
4QYAxDYCDgAAAMQ8wg0AiH0EHAAAAIhphBsAEB8IOAAAABAzpk+bIZvNFrxPuAEA8WPkzakBAACA
KHLXXXfrrrvuHtW5hBsAEFsIOAAAABB3CDcwlZw5c0ZbtmwKeczr9RpUDRC9CDgAAAAQVwg3MNXU
19fpueefMboMIOqxBgcAAADiBuEGAMQuAg4AAADEBcINAIhtTFEBAABA1CktPaKX9eKoz6+sPKW9
e/dEsCIAiA9ms1kOh0MZGRlKTk6W2Zwgv79bnZ2dampqUkNDg/x+vyG1EXAAAAAg6pSWHlFp6RGj
ywCAuOJwOOR0OpVkTVSCOUEJJpNkMkmBgFJSkpSRbld+fr5cLpcaGhomvT4CDgAAAAAAMKLCwkIV
FhYo0WJRa1urGt1utba2ye/3y2w2Ky0tVVnZ2UpLTVNx8QxZrVZVV1dPao0EHAAAAAAAYFgOh0OF
hQWyJlrOjc5whxz3+/1qampWU1OzHI5sOZ1OFRYWyOPxTOpIDhYZBQAAAAAAQzKbzXI6nUq0DB1u
DNTQ4JbL5VKixSKn0ymz2TxJlRJwAAAAAACAYTgcDiVZE9Xa1nrecKNXQ4NbrW2tSrImyuFwRLjC
PgQcAAAAAABgSBkZGUowJ6jRPbpwo1ej260Ec4IyMjIiVNlgBBwAAAAAAGBIycnJSjCZ1NraNqZ2
ra1tSjCZlJycHKHKBiPgAAAAAAAAQzKbEySTSX6/f0zt/H6/ZDL1tJ8kBBwAAAAAACDqEXAAAADE
uECg2+gSAABhxmf7YAQcAAAAMa57jMOKAQBTH5/tgxFwAAAAxDi/32d0CQCAMPP5vEaXMOUQcAAA
AMQ4r7fL6BIAAGHm83qMLmHKIeAAAACIcV4PAQcAxBqvp9PoEqYcAg4AAIAY5+lsN7oEAECYdXV1
GF3ClEPAAQAAELNMMknqJOAAgJjT1dEmkySd+ycIOAAAAGJeZ0eL0SUAAMKso6PV6BKmHAIOAACA
WGaSOtpaFAh0G10JACBMAoFudbQ1M3hjAAIOAACAONDW0mR0CQCAMOEzfWgEHAAAAHGgraXR6BIA
AGHS2uI2uoQpiYADAAAgpvUsNNrSzC/DABArWprcLDA6BAIOAACAWGfqGcHh83qMrgQAMEE+r6dn
VB7ZxiAEHAAAAHGiqbHO6BIAABPEZ/nwCDgAAABiXs80lbPuGqMLAQBM0NmGGqanDIOAAwAAIB6Y
pNZmt7o62oyuBAAwTp0dbT1rKpFtDImAAwAAII64z1QZXQIAYJzc9XyGj4SAAwAAIIqN/o94PdNU
GupOKxDojlxBAICICAS61VB3mukpIyDgAAAAiBcmye/36UztKaMrAQCMUX3NKfn9vghkG7ETlhBw
AAAAxI2eURz1NQQcABBt6msqhh29YRrhXjwh4AAAAIgnJsnr6VSd66TRlQAARqnWVSavpzOes4tR
IeAAAACIKz2jOGqryuTzeowuBgBwHj5vl2qrysKebcRiVkLAAQAAEM3G+Rtqd7df1aePh7cWAEDY
VZ8+ru5uv2QyKTZjifAh4AAAAIg3JpNk6tlRpflsvdHVAACG0Xy2vmfnFHKNUSHgAAAAiBumfrd6
pqpUVRxl21gAmIICgW5VVZSOblvY8QQgMRiaEHAAAABErQn+dmqSujrbdLr8SHjKAQCEzenyw+rq
bBtjthGDqcUYEHAAAABEufH/OmuS6dxUlYa602GsCAAwEQ21lf2mpvR+ykcivIitQISAAwAAIB6Z
+m6YJFWe/FStzY0GFgQAkKTWZrcqyz8d3dSUcYqtWKMPAQcAAEC0G9NvqqbBt3rWHFXFiU/U1dke
vroAAGPS1dmuiuOfKGTgxvnEaloxDgQcAAAAUS0cv9n2JBxeT6fKjx+Q3+cNQ58AgLHw+7wqP7Zf
Xm/nuUf6f74P/Vk/7vU3YjQUIeAAAACIAeP6XdUUesdkkjramlV2dJ+6/f7wFAYAOK9uv19lpXvV
0dZ8bvTGZCQQsZdyEHAAAADEgolOUzl3z2SS2loadaJ0DyM5AGAS+H1enTiyW20tjQMWFe01wuiN
cWQUsRdr9CHgAAAAQD99IcfxI7tZkwMAIqirs13HD+9SW0tjX2Ix8SF5YTs12hBwAAAARL3xrLVv
Cv7P4HZ901WOH96l1mb3hCsEAIRqbXbr2Kcfq6Ot+dxn8VAfyOEdvRHrCDgAAABiRVh/2e0JOXye
Th0/vEsNdZXh7BwA4tqZ2kod+/Rj+TydfeHGuI2+7XATFGOFxegCAAAAYDCTZApIgWEOmAJS5clP
1d7WrGkzF8hk4m9kADAegUC3Kk8eVkPd6X4zUvpG1IWKwOiN2Mw1ggg4AAAAYoJJUuDcP8fWZuDN
QeecGzXdUHdarc2NKiouUXpm7kQLBoC40ny2XqfLS9XV2TZ4MdFRhhuDjSexiN2Ug4ADAAAglowt
4QhpMHLTnikrns42lZXukSNvmgqnzZUlMWkCxQJA7PN6u1RdeTw4aqN/uDHW0RgTGb0Ru7FGHwIO
AACAmDGeURyhzYeeqtL/HJNMCqih7rQaz1Qrv2i28p2zx3M1AIh5ta4y1ZwuU3e3f9CojeHDigiN
3oiDhIOAAwAAINZMYBTH6M4zyWQKKNDtV3XlMZ2prVRuQbFyC2awPgcQIYkWi2y2FCUnJykQCKij
o1MtrW0Ru15yUpLS0lJlsSTI4/GpvaNDnZ1dEbterDCZTOru9qu+5pTqqivk9XQOPWoj5EZID8P3
PfLhkesaRf+xgIADAAAgpkR6FEdfyNHzn4B8nk65TpWqtuqEHHnTlZ1bpOSU1HFVD6CPIztTl1xU
opJ5s5XjyFJyUuiUsMazTao/49aBg6Xa/8nhCV/vgjkzdfGF8zR9eqFyHdmDjp9pcKv+jFv7Pzmi
T48cVyAwrk+ZsMhxZOmaK5cqN2dwnaNVf8atDz7crTMNjROqJTXVposWXKA5M4uUYU9RWdkxvfqq
Sy5P59CjNkIf6mcs4QajN4ZiynbkGfeuBAAAQAT0/Ho39u8egZCbIzcfeDTQ1yYg2TMcyszOV3p2
nhJZpwMYk4x0u66+YrEuuGDWkEHDQF6fT3X1Dfrwo73ad2DsQceFC+YGw4KU5ORRtalvcOuDHbu1
e+/BMV9vogoLcvXZm66VLTVlVK/PcOob3Gpv69CLr742rpBj3gWztHjhAmWm25SVaZfP65G7sVF+
n0+StOGRjTp06FDwfKPCDVPoP8bs0ksXKTk5SZ8c+GTMbS9ZeIk6O7u0b9/+cV17rMwpttQfT8qV
AAAAMEkGDIMeY7vemyO3H3jU1LM+x7l2nq4ONTXWq766XOSo0TsAACAASURBVC1Nbnk9nZKkRGuS
TKY4+VMiMA75eTm6+abVunThhUq1pQQf93g8Onv2rNxut1pbW+X3+5WU1PPzZE5IULo9TRfMnaku
j0enq2pGfb2liy/WLWuuVU52lhItfQP829vb1dDQoMbGRnk8HklSYmJi8Oc31Zai+fPmyO/3y1Vd
p+7u7jC9AiMzmxN07cqrdOH8uSGvz3ik2lKUmZEui9ms0mNlo2qTl5utZYvn64Zrr9TSRfNlT7Uq
yWpRd7dfMklWq1Vpdrs8XV3Ky8vT9u07eqao9HYwjjU3QrOJcXyyT6CtJBUUFMhisaiutm7MbfPz
8+Xz+VVTUzuua48VU1QAAABi1bjmqYQ2Ot/OKj0CoY+da2Qy9Tze1tKotpa+v46mpKYr2Zam5JRU
WZNsslqTZUm0ymJJVILZzDoeiFv5eTm67bOf0fRpTklSd3e3PvnkE+3evVsHDx5UV1foGhgOh0NL
ly7VFVdcoYKCAiVaLPrsTdfKYjbr/R27z3u9a1deqetWXRW839zcrI8//lh79uxReXn54Pry83XZ
ZZdp0aJFcjp7arzhuuVyZGfqpT+/MaaQIyPdLpstRQ3uRnk83lG3y8t1qLi4SJJUWVmpZ599dtRt
B3rggQdktVpVXFykRItFXp9PgUC3uv1++Xxe+bweeTydSjB16+IL5+mKy5YoL9chm80mSfL5vJJJ
8vv9Kis7qd27d+vwp5/qJz/9qSTJ6SwcRS4xlnBj7CYabkQbAg4AAICYNMG1OPq6GN+Jvb+VB3p/
wQ4Ez+hoa1ZHW/P46wJi1Le+dZ/SUy1qaqxTS2uLHn/8cX366afDnt90tk5lJw7rhT89pfXr12v1
qtUymUy6cul8Hdy3XW+99fawba+9drWWLpyjpsY6BQIB7dy5U8//6Xm1t7ePeL2jpZ/oj09It95y
q6677jpZrVbNKc5TQZZJf/7z1vM+x2uvXa2b166V01koSaqurlaVy6XNm7boSGnpedtr8aWyJtyo
psY6lZ8s1Z7dO87fZhiNDZ9XcnKyrAnSgV2vD1pE1WQyafXqVSH19s8J6uvqdeDAAW3fvl21tT0j
FDIyMiRJ2dnZcrvdg9r06/289YVlaso42kUzAg4AAIBYNpqtX4dq1Nti1O2HSUOCgzxM/W+eO0TE
AfS69trVWrVqpSSprbVVD/3udyovLw/5amq325WXlyev16tTp04FH/f7fHr+uefk83p1w403SpJu
vnmtdu/erZaWlkHXWrz4Un3+Lz4X/PncvGmTNm3aJCn0q3BaWppycnLU0tKihoaGkD5effUVnTlT
ry/efbfMZrNuvfWzqq+r08e7do34HL/xjXtDHit0FqrQWaiiIqc2bHhUpecJOTIy0oNFtrW2Tuyr
e7+5I307nfSvd1W/ensOdrS36/Dhw9r50Uc6dHDo9UfOn0lEPtwYb5NoR8ABAAAQs3rnimhiU1XO
hRw6bzdDTVkZfGjgXxWJORDvTCaT1q5dq96fia1bt6m8vCJ4f/bs2Vp3222aNWuWzGazJKm9rU27
du3Sn/70J/nOLWr50ksv64J5JZo5c6acTqfWrFmjZ599btD11qxZo8ysLEnS7l27tGnT5uC1zGaz
1t58s5YtXaqc3Nxgm0a3Wzt27AgGIZL04Yc7NX36DK1avVp2e7rWrFmjj3cNPTVm0aKF+tzttwev
0+h2q6WlRXn5+UpOTlZhoVM3r12r0tKjI75W6ekZwT6amluCt5OSkrRq1aoR2w5kNlskmeRyueTz
d6v/p9PcOXOC/078fr8qKiq0d88e7dixQ52dnWO6TqjJCTficfSGRMABAAAQ4yYyVSU05JAmOJqj
Xz/SoK6BuHXZsmUqOremhcvl0ptvvhk8NnPmTH33u98NrvvQKzU1VatWrZLD4dCDDz4YfHzb1q36
[...]
<status status="PASS" start="2024-08-04T13:10:12.274980" elapsed="5.001200"/>
</kw>
<kw name="Open Application" owner="AppiumLibrary">
<arg>${remoteURL}</arg>
<arg>platformName=${platformName}</arg>
<arg>deviceName=${deviceName}</arg>
<arg>udid=${udid}</arg>
<arg>appPackage=${appPackage}</arg>
<arg>appActivity=${appActivity}</arg>
<arg>automationName=${automationName}</arg>
<arg>noReset=true</arg>
<arg>doesNoReset=true</arg>
<arg>setClearSystemFiles=false</arg>
<doc>Opens a new application to given Appium server.
Capabilities of appium server, Android and iOS,
Please check https://appium.io/docs/en/2.1/cli/args/
| *Option*            | *Man.* | *Description*     |
| remote_url          | Yes    | Appium server url |
| alias               | no     | alias             |
| strict_ssl          | No     | allows you to send commands to an invalid certificate host like a self-signed one. |</doc>
<status status="PASS" start="2024-08-04T13:10:17.276180" elapsed="11.125286"/>
</kw>
<kw name="Sleep" owner="BuiltIn">
<msg time="2024-08-04T13:10:33.402141" level="INFO">Slept 5 seconds.</msg>
<arg>5</arg>
<doc>Pauses the test executed for the given time.</doc>
<status status="PASS" start="2024-08-04T13:10:28.401466" elapsed="5.000675"/>
</kw>
<kw name="Get Text" owner="AppiumLibrary">
<msg time="2024-08-04T13:10:35.641841" level="INFO">Element '//(//android.widget.TextView[@resource-id="com.google.android.gm:id/subject"])[1]' text is 'This is dummy Subject for drafts' </msg>
<msg time="2024-08-04T13:10:35.642851" level="INFO">xpath criteria: //(//android.widget.TextView[@resource-id="com.google.android.gm:id/subject"])[1]</msg>
<msg time="2024-08-04T13:10:35.642851" level="INFO">${emailSubjectTrash} = This is dummy Subject for drafts</msg>
<var>${emailSubjectTrash}</var>
<arg>${emailTileSubject1}</arg>
<doc>Get element text (for hybrid and mobile browser use `xpath` locator, others might cause problem)</doc>
<status status="PASS" start="2024-08-04T13:10:33.402141" elapsed="2.240710"/>
</kw>
<kw name="Log" owner="BuiltIn">
<msg time="2024-08-04T13:10:35.642851" level="INFO">The text fetched from the element is: This is dummy Subject for drafts</msg>
<arg>The text fetched from the element is: ${emailSubjectTrash}</arg>
<doc>Logs the given message with the given level.</doc>
<status status="PASS" start="2024-08-04T13:10:35.642851" elapsed="0.000985"/>
</kw>
<kw name="Sleep" owner="BuiltIn">
<msg time="2024-08-04T13:10:37.644714" level="INFO">Slept 2 seconds.</msg>
<arg>2</arg>
<doc>Pauses the test executed for the given time.</doc>
<status status="PASS" start="2024-08-04T13:10:35.643836" elapsed="2.000878"/>
</kw>
<kw name="Click Element" owner="AppiumLibrary">
<msg time="2024-08-04T13:10:37.646721" level="INFO">Clicking element '//(//android.widget.TextView[@resource-id="com.google.android.gm:id/subject"])[1]'.</msg>
<msg time="2024-08-04T13:10:38.675360" level="INFO">xpath criteria: //(//android.widget.TextView[@resource-id="com.google.android.gm:id/subject"])[1]</msg>
<arg>${emailTileSubject1}</arg>
<doc>Click element identified by `locator`.</doc>
<status status="PASS" start="2024-08-04T13:10:37.644714" elapsed="1.030646"/>
</kw>
<kw name="Sleep" owner="BuiltIn">
<msg time="2024-08-04T13:10:41.676548" level="INFO">Slept 3 seconds.</msg>
<arg>3</arg>
<doc>Pauses the test executed for the given time.</doc>
<status status="PASS" start="2024-08-04T13:10:38.676357" elapsed="3.000191"/>
</kw>
<kw name="Click Element" owner="AppiumLibrary">
<msg time="2024-08-04T13:10:41.678156" level="INFO">Clicking element 'com.google.android.gm:id/delete'.</msg>
<msg time="2024-08-04T13:10:42.683912" level="INFO">criteria is com.google.android.gm:id/delete</msg>
<arg>${deleteMail}</arg>
<doc>Click element identified by `locator`.</doc>
<status status="PASS" start="2024-08-04T13:10:41.676548" elapsed="1.008361"/>
</kw>
<kw name="Sleep" owner="BuiltIn">
<msg time="2024-08-04T13:10:45.685395" level="INFO">Slept 3 seconds.</msg>
<arg>3</arg>
<doc>Pauses the test executed for the given time.</doc>
<status status="PASS" start="2024-08-04T13:10:42.684909" elapsed="3.000486"/>
</kw>
<kw name="Click Element" owner="AppiumLibrary">
<msg time="2024-08-04T13:10:45.688391" level="INFO">Clicking element '//android.widget.ImageButton[@content-desc="Open navigation drawer"]'.</msg>
<msg time="2024-08-04T13:10:47.049141" level="INFO">xpath criteria: //android.widget.ImageButton[@content-desc="Open navigation drawer"]</msg>
<arg>${hamBurgerMenuMail}</arg>
<doc>Click element identified by `locator`.</doc>
<status status="PASS" start="2024-08-04T13:10:45.685395" elapsed="1.363746"/>
</kw>
<kw name="Sleep" owner="BuiltIn">
<msg time="2024-08-04T13:10:50.051124" level="INFO">Slept 3 seconds.</msg>
<arg>3</arg>
<doc>Pauses the test executed for the given time.</doc>
<status status="PASS" start="2024-08-04T13:10:47.050120" elapsed="3.001004"/>
</kw>
<kw name="Click Element" owner="AppiumLibrary">
<msg time="2024-08-04T13:10:50.053115" level="INFO">Clicking element '//android.widget.TextView[@resource-id="com.google.android.gm:id/hub_drawer_label_title" and @text="Bin"]'.</msg>
<msg time="2024-08-04T13:10:50.682740" level="INFO">xpath criteria: //android.widget.TextView[@resource-id="com.google.android.gm:id/hub_drawer_label_title" and @text="Bin"]</msg>
<arg>${bin}</arg>
<doc>Click element identified by `locator`.</doc>
<status status="PASS" start="2024-08-04T13:10:50.051124" elapsed="0.631616"/>
</kw>
<kw name="Sleep" owner="BuiltIn">
<msg time="2024-08-04T13:10:53.682828" level="INFO">Slept 3 seconds.</msg>
<arg>3</arg>
<doc>Pauses the test executed for the given time.</doc>
<status status="PASS" start="2024-08-04T13:10:50.682740" elapsed="3.000088"/>
</kw>
<kw name="Get Text" owner="AppiumLibrary">
<msg time="2024-08-04T13:10:54.635844" level="INFO">Element '//(//android.widget.TextView[@resource-id="com.google.android.gm:id/subject"])[1]' text is 'This is dummy Subject for drafts' </msg>
<msg time="2024-08-04T13:10:54.635844" level="INFO">xpath criteria: //(//android.widget.TextView[@resource-id="com.google.android.gm:id/subject"])[1]</msg>
<msg time="2024-08-04T13:10:54.635844" level="INFO">${emailSubjectTrashActual} = This is dummy Subject for drafts</msg>
<var>${emailSubjectTrashActual}</var>
<arg>${emailTileSubject1}</arg>
<doc>Get element text (for hybrid and mobile browser use `xpath` locator, others might cause problem)</doc>
<status status="PASS" start="2024-08-04T13:10:53.682828" elapsed="0.953016"/>
</kw>
<kw name="Log" owner="BuiltIn">
<msg time="2024-08-04T13:10:54.636841" level="INFO">The text fetched from the element is: This is dummy Subject for drafts</msg>
<arg>The text fetched from the element is: ${emailSubjectTrashActual}</arg>
<doc>Logs the given message with the given level.</doc>
<status status="PASS" start="2024-08-04T13:10:54.635844" elapsed="0.000997"/>
</kw>
<kw name="Should Be Equal" owner="BuiltIn">
<arg>${emailSubjectTrash}</arg>
<arg>${emailSubjectTrashActual}</arg>
<doc>Fails if the given objects are unequal.</doc>
<status status="PASS" start="2024-08-04T13:10:54.636841" elapsed="0.000000"/>
</kw>
<kw name="Sleep" owner="BuiltIn">
<msg time="2024-08-04T13:10:57.637059" level="INFO">Slept 3 seconds.</msg>
<arg>3</arg>
<doc>Pauses the test executed for the given time.</doc>
<status status="PASS" start="2024-08-04T13:10:54.636841" elapsed="3.000218"/>
</kw>
<kw name="Close Application" owner="AppiumLibrary">
<doc>Closes the current application and also close webdriver session.</doc>
<status status="PASS" start="2024-08-04T13:10:57.637059" elapsed="0.610113"/>
</kw>
<status status="PASS" start="2024-08-04T13:10:12.274980" elapsed="45.973189"/>
</kw>
<tag>Delete</tag>
<tag>sanity</tag>
<status status="PASS" start="2024-08-04T13:10:12.273983" elapsed="45.974186"/>
</test>
<test id="s1-t10" name="TC_10_Delete_Test to check whether user is able to move deleted email back to inbox from bin folder" line="45">
<kw name="Test to check whether user is able to move deleted email back to inbox from bin folder" owner="Gmail_sanity_keywords">
<kw name="Sleep" owner="BuiltIn">
<msg time="2024-08-04T13:11:03.251345" level="INFO">Slept 5 seconds.</msg>
<arg>5</arg>
<doc>Pauses the test executed for the given time.</doc>
<status status="PASS" start="2024-08-04T13:10:58.251162" elapsed="5.000183"/>
</kw>
<kw name="Open Application" owner="AppiumLibrary">
<arg>${remoteURL}</arg>
<arg>platformName=${platformName}</arg>
<arg>deviceName=${deviceName}</arg>
<arg>udid=${udid}</arg>
<arg>appPackage=${appPackage}</arg>
<arg>appActivity=${appActivity}</arg>
<arg>automationName=${automationName}</arg>
<arg>noReset=true</arg>
<arg>doesNoReset=true</arg>
<arg>setClearSystemFiles=false</arg>
<doc>Opens a new application to given Appium server.
Capabilities of appium server, Android and iOS,
Please check https://appium.io/docs/en/2.1/cli/args/
| *Option*            | *Man.* | *Description*     |
| remote_url          | Yes    | Appium server url |
| alias               | no     | alias             |
| strict_ssl          | No     | allows you to send commands to an invalid certificate host like a self-signed one. |</doc>
<status status="PASS" start="2024-08-04T13:11:03.251345" elapsed="10.497343"/>
</kw>
<kw name="Sleep" owner="BuiltIn">
<msg time="2024-08-04T13:11:18.749932" level="INFO">Slept 5 seconds.</msg>
<arg>5</arg>
<doc>Pauses the test executed for the given time.</doc>
<status status="PASS" start="2024-08-04T13:11:13.749680" elapsed="5.000252"/>
</kw>
<kw name="Get Text" owner="AppiumLibrary">
<msg time="2024-08-04T13:11:20.636802" level="INFO">Element '//(//android.widget.TextView[@resource-id="com.google.android.gm:id/subject"])[1]' text is 'This is dummy Subject 123' </msg>
<msg time="2024-08-04T13:11:20.636802" level="INFO">xpath criteria: //(//android.widget.TextView[@resource-id="com.google.android.gm:id/subject"])[1]</msg>
<msg time="2024-08-04T13:11:20.636802" level="INFO">${emailSubjectTrash} = This is dummy Subject 123</msg>
<var>${emailSubjectTrash}</var>
<arg>${emailTileSubject1}</arg>
<doc>Get element text (for hybrid and mobile browser use `xpath` locator, others might cause problem)</doc>
<status status="PASS" start="2024-08-04T13:11:18.749932" elapsed="1.886870"/>
</kw>
<kw name="Log" owner="BuiltIn">
<msg time="2024-08-04T13:11:20.636802" level="INFO">The text fetched from the element is: This is dummy Subject 123</msg>
<arg>The text fetched from the element is: ${emailSubjectTrash}</arg>
<doc>Logs the given message with the given level.</doc>
<status status="PASS" start="2024-08-04T13:11:20.636802" elapsed="0.000985"/>
</kw>
<kw name="Sleep" owner="BuiltIn">
<msg time="2024-08-04T13:11:22.638477" level="INFO">Slept 2 seconds.</msg>
<arg>2</arg>
<doc>Pauses the test executed for the given time.</doc>
<status status="PASS" start="2024-08-04T13:11:20.637787" elapsed="2.000690"/>
</kw>
<kw name="Click Element" owner="AppiumLibrary">
<msg time="2024-08-04T13:11:22.640501" level="INFO">Clicking element '//(//android.widget.TextView[@resource-id="com.google.android.gm:id/subject"])[1]'.</msg>
<msg time="2024-08-04T13:11:23.677344" level="INFO">xpath criteria: //(//android.widget.TextView[@resource-id="com.google.android.gm:id/subject"])[1]</msg>
<arg>${emailTileSubject1}</arg>
<doc>Click element identified by `locator`.</doc>
<status status="PASS" start="2024-08-04T13:11:22.638477" elapsed="1.038867"/>
</kw>
<kw name="Sleep" owner="BuiltIn">
<msg time="2024-08-04T13:11:26.677907" level="INFO">Slept 3 seconds.</msg>
<arg>3</arg>
<doc>Pauses the test executed for the given time.</doc>
<status status="PASS" start="2024-08-04T13:11:23.677344" elapsed="3.000563"/>
</kw>
<kw name="Click Element" owner="AppiumLibrary">
<msg time="2024-08-04T13:11:26.679420" level="INFO">Clicking element 'com.google.android.gm:id/delete'.</msg>
<msg time="2024-08-04T13:11:27.688037" level="INFO">criteria is com.google.android.gm:id/delete</msg>
<arg>${deleteMail}</arg>
<doc>Click element identified by `locator`.</doc>
<status status="PASS" start="2024-08-04T13:11:26.677907" elapsed="1.011127"/>
</kw>
<kw name="Sleep" owner="BuiltIn">
<msg time="2024-08-04T13:11:30.689589" level="INFO">Slept 3 seconds.</msg>
<arg>3</arg>
<doc>Pauses the test executed for the given time.</doc>
<status status="PASS" start="2024-08-04T13:11:27.689034" elapsed="3.000555"/>
</kw>
<kw name="Click Element" owner="AppiumLibrary">
<msg time="2024-08-04T13:11:30.691582" level="INFO">Clicking element '//android.widget.ImageButton[@content-desc="Open navigation drawer"]'.</msg>
<msg time="2024-08-04T13:11:32.022243" level="INFO">xpath criteria: //android.widget.ImageButton[@content-desc="Open navigation drawer"]</msg>
<arg>${hamBurgerMenuMail}</arg>
<doc>Click element identified by `locator`.</doc>
<status status="PASS" start="2024-08-04T13:11:30.689589" elapsed="1.332654"/>
</kw>
<kw name="Sleep" owner="BuiltIn">
<msg time="2024-08-04T13:11:35.023885" level="INFO">Slept 3 seconds.</msg>
<arg>3</arg>
<doc>Pauses the test executed for the given time.</doc>
<status status="PASS" start="2024-08-04T13:11:32.023241" elapsed="3.000644"/>
</kw>
<kw name="Click Element" owner="AppiumLibrary">
<msg time="2024-08-04T13:11:35.025879" level="INFO">Clicking element '//android.widget.TextView[@resource-id="com.google.android.gm:id/hub_drawer_label_title" and @text="Bin"]'.</msg>
<msg time="2024-08-04T13:11:35.673403" level="INFO">xpath criteria: //android.widget.TextView[@resource-id="com.google.android.gm:id/hub_drawer_label_title" and @text="Bin"]</msg>
<arg>${bin}</arg>
<doc>Click element identified by `locator`.</doc>
<status status="PASS" start="2024-08-04T13:11:35.023885" elapsed="0.649518"/>
</kw>
<kw name="Sleep" owner="BuiltIn">
<msg time="2024-08-04T13:11:38.674602" level="INFO">Slept 3 seconds.</msg>
<arg>3</arg>
<doc>Pauses the test executed for the given time.</doc>
<status status="PASS" start="2024-08-04T13:11:35.673403" elapsed="3.001199"/>
</kw>
<kw name="Get Text" owner="AppiumLibrary">
<msg time="2024-08-04T13:11:39.637813" level="INFO">Element '//(//android.widget.TextView[@resource-id="com.google.android.gm:id/subject"])[1]' text is 'This is dummy Subject for drafts' </msg>
<msg time="2024-08-04T13:11:39.637813" level="INFO">xpath criteria: //(//android.widget.TextView[@resource-id="com.google.android.gm:id/subject"])[1]</msg>
<msg time="2024-08-04T13:11:39.637813" level="INFO">${emailSubjectTrashActual} = This is dummy Subject for drafts</msg>
<var>${emailSubjectTrashActual}</var>
<arg>${emailTileSubject1}</arg>
<doc>Get element text (for hybrid and mobile browser use `xpath` locator, others might cause problem)</doc>
<status status="PASS" start="2024-08-04T13:11:38.674602" elapsed="0.963211"/>
</kw>
<kw name="Log" owner="BuiltIn">
<msg time="2024-08-04T13:11:39.637813" level="INFO">The text fetched from the element is: This is dummy Subject for drafts</msg>
<arg>The text fetched from the element is: ${emailSubjectTrashActual}</arg>
<doc>Logs the given message with the given level.</doc>
<status status="PASS" start="2024-08-04T13:11:39.637813" elapsed="0.000000"/>
</kw>
<kw name="Should Be Equal" owner="BuiltIn">
<msg time="2024-08-04T13:11:39.638811" level="FAIL">This is dummy Subject 123 != This is dummy Subject for drafts</msg>
<arg>${emailSubjectTrash}</arg>
<arg>${emailSubjectTrashActual}</arg>
<doc>Fails if the given objects are unequal.</doc>
<status status="FAIL" start="2024-08-04T13:11:39.637813" elapsed="0.000998">This is dummy Subject 123 != This is dummy Subject for drafts</status>
</kw>
<kw name="Sleep" owner="BuiltIn">
<arg>3</arg>
<doc>Pauses the test executed for the given time.</doc>
<status status="NOT RUN" start="2024-08-04T13:11:39.638811" elapsed="0.000000"/>
</kw>
<kw name="Long Press Element" owner="Gmail_sanity_variables">
<arg>${emailTileSubject1}</arg>
<status status="NOT RUN" start="2024-08-04T13:11:39.638811" elapsed="0.000000"/>
</kw>
<kw name="Click Element" owner="AppiumLibrary">
<arg>${optionsDots}</arg>
<doc>Click element identified by `locator`.</doc>
<status status="NOT RUN" start="2024-08-04T13:11:39.638811" elapsed="0.000000"/>
</kw>
<kw name="Sleep" owner="BuiltIn">
<arg>3</arg>
<doc>Pauses the test executed for the given time.</doc>
<status status="NOT RUN" start="2024-08-04T13:11:39.638811" elapsed="0.000000"/>
</kw>
<kw name="Click Element" owner="AppiumLibrary">
<arg>${moveTo}</arg>
<doc>Click element identified by `locator`.</doc>
<status status="NOT RUN" start="2024-08-04T13:11:39.638811" elapsed="0.000000"/>
</kw>
<kw name="Sleep" owner="BuiltIn">
<arg>3</arg>
<doc>Pauses the test executed for the given time.</doc>
<status status="NOT RUN" start="2024-08-04T13:11:39.638811" elapsed="0.000000"/>
</kw>
<kw name="Click Element" owner="AppiumLibrary">
<arg>${primaryEmails}</arg>
<doc>Click element identified by `locator`.</doc>
<status status="NOT RUN" start="2024-08-04T13:11:39.638811" elapsed="0.000998"/>
</kw>
<kw name="Sleep" owner="BuiltIn">
<arg>3</arg>
<doc>Pauses the test executed for the given time.</doc>
<status status="NOT RUN" start="2024-08-04T13:11:39.639809" elapsed="0.000000"/>
</kw>
<kw name="Click Element" owner="AppiumLibrary">
<arg>${hamBurgerMenuMail}</arg>
<doc>Click element identified by `locator`.</doc>
<status status="NOT RUN" start="2024-08-04T13:11:39.639809" elapsed="0.000000"/>
</kw>
<kw name="Sleep" owner="BuiltIn">
<arg>3</arg>
<doc>Pauses the test executed for the given time.</doc>
<status status="NOT RUN" start="2024-08-04T13:11:39.639809" elapsed="0.000000"/>
</kw>
<kw name="Click Element" owner="AppiumLibrary">
<arg>${primaryTab}</arg>
<doc>Click element identified by `locator`.</doc>
<status status="NOT RUN" start="2024-08-04T13:11:39.639809" elapsed="0.000000"/>
</kw>
<kw name="Sleep" owner="BuiltIn">
<arg>3</arg>
<doc>Pauses the test executed for the given time.</doc>
<status status="NOT RUN" start="2024-08-04T13:11:39.639809" elapsed="0.000000"/>
</kw>
<kw name="Get Text" owner="AppiumLibrary">
<var>${emailSubjectinboxActual}</var>
<arg>${emailTileSubject1}</arg>
<doc>Get element text (for hybrid and mobile browser use `xpath` locator, others might cause problem)</doc>
<status status="NOT RUN" start="2024-08-04T13:11:39.639809" elapsed="0.000000"/>
</kw>
<kw name="Log" owner="BuiltIn">
<arg>The text fetched from the element is: ${emailSubjectTrashActual}</arg>
<doc>Logs the given message with the given level.</doc>
<status status="NOT RUN" start="2024-08-04T13:11:39.639809" elapsed="0.000000"/>
</kw>
<kw name="Should Be Equal" owner="BuiltIn">
<arg>${emailSubjectinboxActual}</arg>
<arg>${emailSubjectTrashActual}</arg>
<doc>Fails if the given objects are unequal.</doc>
<status status="NOT RUN" start="2024-08-04T13:11:39.639809" elapsed="0.000000"/>
</kw>
<kw name="Close Application" owner="AppiumLibrary">
<doc>Closes the current application and also close webdriver session.</doc>
<status status="NOT RUN" start="2024-08-04T13:11:39.639809" elapsed="0.000000"/>
</kw>
<status status="FAIL" start="2024-08-04T13:10:58.250164" elapsed="41.389645">This is dummy Subject 123 != This is dummy Subject for drafts</status>
</kw>
<tag>Delete</tag>
<tag>sanity</tag>
<status status="FAIL" start="2024-08-04T13:10:58.250164" elapsed="41.390642">This is dummy Subject 123 != This is dummy Subject for drafts</status>
</test>
<status status="FAIL" start="2024-08-04T13:03:36.026831" elapsed="483.614972"/>
</suite>
<statistics>
<total>
<stat pass="8" fail="2" skip="0">All Tests</stat>
</total>
<tag>
<stat pass="2" fail="0" skip="0">Compose</stat>
<stat pass="1" fail="1" skip="0">Delete</stat>
<stat pass="2" fail="0" skip="0">Drafts</stat>
<stat pass="3" fail="1" skip="0">Inbox</stat>
<stat pass="8" fail="2" skip="0">sanity</stat>
</tag>
<suite>
<stat pass="8" fail="2" skip="0" id="s1" name="Gmail sanity">Gmail sanity</stat>
</suite>
</statistics>
<errors>
<msg time="2024-08-04T13:04:30.897883" level="WARN">Keyword 'AppiumLibrary.Long Press' is deprecated. Since selenium v4, use other keywords.</msg>
</errors>
</robot>
